C51 COMPILER V9.54   DELAY                                                                 04/24/2020 19:51:39 PAGE 1   


C51 COMPILER V9.54, COMPILATION OF MODULE DELAY
OBJECT MODULE PLACED IN Delay.obj
COMPILER INVOKED BY: c:\Keil_v5\C51\BIN\C51.EXE Public\src\Delay.c OMF2 ROM(COMPACT) OPTIMIZE(8,SPEED) BROWSE DEBUG PRIN
                    -T(.\Delay.lst) TABS(2) OBJECT(Delay.obj)

line level    source

   1          #include "./public/inc/config.h" 
   2          #include "./public/inc/Timer.h" 
   3          #include "./public/inc/delay.h"  
   4          #include "./public/inc/init.h"
   5          void delay_ms(unsigned int ms)
   6          {
   7   1           unsigned int i;
   8   1         do{
   9   2              i = MAIN_Fosc / 14000;
  10   2            while(--i)  ;   //14T per loop
  11   2           }while(--ms);
  12   1      }


MODULE INFORMATION:   STATIC OVERLAYABLE
   CODE SIZE        =     23    ----
   CONSTANT SIZE    =   ----    ----
   XDATA SIZE       =   ----    ----
   PDATA SIZE       =   ----    ----
   DATA SIZE        =   ----    ----
   IDATA SIZE       =   ----    ----
   BIT SIZE         =   ----    ----
   EDATA SIZE       =   ----    ----
   HDATA SIZE       =   ----    ----
   XDATA CONST SIZE =   ----    ----
   FAR CONST SIZE   =   ----    ----
END OF MODULE INFORMATION.


C51 COMPILATION COMPLETE.  0 WARNING(S),  0 ERROR(S)
