C51 COMPILER V9.54   INIT                                                                  06/24/2020 04:46:12 PAGE 1   


C51 COMPILER V9.54, COMPILATION OF MODULE INIT
OBJECT MODULE PLACED IN init.obj
COMPILER INVOKED BY: c:\Keil_v5\C51\BIN\C51.EXE Public\src\init.c OMF2 ROM(COMPACT) OPTIMIZE(8,SPEED) BROWSE DEBUG PRINT
                    -(.\init.lst) TABS(2) OBJECT(init.obj)

line level    source

   1          
   2          #include "./public/inc/config.h" 
   3          #include "./public/inc/delay.h"  
   4          #include "./public/inc/init.h"
   5          #include "./public/inc/process.h"
   6          #include "STC15F104E.h"
   7          
   8          
   9          void IO_Init(void)
  10          {
  11   1        
  12   1        //                      P3M1   P3M0
  13   1        //P30(VCC_EN)->OD         1      1
  14   1        //P31(LED)->CMOS          0      1
  15   1        //P32(SW/BUZ)->I/O        1/0    0/1        
  16   1        //P33(O3)->CMOS           0      1
  17   1        //P34(UV)->CMOS           0      1
  18   1        //P35(ION)->OUTPUT        0      0
  19   1        
  20   1        
  21   1        P3M1 = 0x05;
  22   1        P3M0 = 0x1b;
  23   1        
  24   1      }
  25          
  26          
  27          void InitTime0(void)
  28          {
  29   1        TMOD &= 0x00;              //clear timer0 mode 
  30   1        AUXR =0x80 ;                //1T mode
  31   1        TL0 =T0_25MS;
  32   1        TH0 =T0_25MS>>8;
  33   1      
  34   1        TR0 =1;       
  35   1        ET0 =1;    
  36   1      
  37   1      }
  38              
  39           
  40          
  41          
  42          
  43          
  44          void InitExtInterrupt (void)
  45          {
  46   1      
  47   1        IT0=0;    //detect both falling and rising edge of signal (AC signal)
  48   1        EX0=1;
  49   1        PX0=1;
  50   1      //  IT1=0;    //detect both falling and rising edge of signal  (H1 signal) only rising edge 
  51   1      //  EX1=1;    //enable INT1
  52   1      //  PX1=1;
  53   1      //  INT_CLKO |= 0x10;  //enable INT2, falling edge 
  54   1        
C51 COMPILER V9.54   INIT                                                                  06/24/2020 04:46:12 PAGE 2   

  55   1      }
  56          
  57          
  58          
  59          
  60          void InitParameter(void )
  61          {
  62   1        UV=0;
  63   1        state=standby_mode;
  64   1        switch_state=0;
  65   1        process_time=0;
  66   1        buz_time=0;
  67   1        Time_us=0;
  68   1        Time_ms=0;
  69   1        Time_sec=0;
  70   1        Time_min=0;
  71   1      
  72   1        switch_update=0;
  73   1        key_holdtime=0;
  74   1        Timer_update=0;
  75   1        EA=1;
  76   1      }


MODULE INFORMATION:   STATIC OVERLAYABLE
   CODE SIZE        =     82    ----
   CONSTANT SIZE    =   ----    ----
   XDATA SIZE       =   ----    ----
   PDATA SIZE       =   ----    ----
   DATA SIZE        =   ----    ----
   IDATA SIZE       =   ----    ----
   BIT SIZE         =   ----    ----
   EDATA SIZE       =   ----    ----
   HDATA SIZE       =   ----    ----
   XDATA CONST SIZE =   ----    ----
   FAR CONST SIZE   =   ----    ----
END OF MODULE INFORMATION.


C51 COMPILATION COMPLETE.  0 WARNING(S),  0 ERROR(S)
