C51 COMPILER V9.54   MAIN                                                                  11/12/2020 11:30:20 PAGE 1   


C51 COMPILER V9.54, COMPILATION OF MODULE MAIN
OBJECT MODULE PLACED IN Main.OBJ
COMPILER INVOKED BY: c:\Keil_v5\C51\BIN\C51.EXE Main.c OMF2 ROM(COMPACT) OPTIMIZE(8,SPEED) BROWSE DEBUG TABS(2)

line level    source

   1          
   2          #include "STC15F104E.h"
   3          
   4           
   5          #include "./public/inc/config.h" 
   6          #include "./public/inc/delay.h"  
   7          #include "./public/inc/init.h"
   8          #include "./public/inc/process.h"
   9          
  10          volatile uint8 state,next_state,switch_state;
  11          volatile uint8   LED_type;
  12          volatile uint16 process_time,buz_time,key_holdtime;
  13          volatile uint16 Time_us, Time_ms,Time_sec,Time_min,power_refresh;
  14          volatile bit Timer_update,UV_on,switch_update,refresh;
  15          
  16          
  17          void Enable_power()
  18          {
  19   1        
  20   1      
  21   1        if (((power_refresh%20)==0)&&((Time_ms<500)==0)) 
  22   1        {
  23   2          
  24   2          VCC_EN=0;
  25   2        } else VCC_EN=1;
  26   1           
  27   1        
  28   1        
  29   1      }
  30          
  31          
  32          
  33          void Check_switch()
  34          {
  35   1          if (key_holdtime>press_time) 
  36   1          {
  37   2            switch_state++;
  38   2            if (switch_state>2) switch_state=0;
  39   2           
  40   2      //      SPEED0=0;
  41   2            switch (switch_state)
  42   2            {
  43   3              case 0:     
  44   3                
  45   3                          LED_type=0;
  46   3                          state=standby_mode;
  47   3                          break;
  48   3      
  49   3              case 1:     
  50   3                          power_refresh=0;
  51   3                          LED_type=1;
  52   3                          state=speed0_mode;
  53   3                          break;
  54   3              case 2:     
  55   3                          power_refresh=0;
C51 COMPILER V9.54   MAIN                                                                  11/12/2020 11:30:20 PAGE 2   

  56   3                          LED_type=2;
  57   3              
  58   3                          state=speed1_mode;
  59   3                          break;
  60   3              
  61   3              
  62   3              
  63   3            
  64   3            
  65   3              
  66   3            } 
  67   2            
  68   2        
  69   2            Time_ms=0;
  70   2            Time_sec=0;
  71   2            Time_min=0;
  72   2            switch_update=0;
  73   2            key_holdtime=0;
  74   2            delay_ms(250);
  75   2          }   
  76   1        
  77   1         
  78   1          
  79   1      
  80   1      
  81   1        
  82   1      }
  83                
  84              
  85              
  86              
  87            
  88            
  89            
  90          
  91          void State_process()
  92          {
  93   1          switch (state)
  94   1          {
  95   2        
  96   2        case standby_mode:    
  97   2                          
  98   2                          SPEED0=0;
  99   2                          LED_type=0;
 100   2                          SPEED0=0;
 101   2                          SPEED1=0;
 102   2                          UV=0;
 103   2                          next_state=standby_mode;
 104   2        
 105   2                           
 106   2        
 107   2        
 108   2                          break;
 109   2        
 110   2        case speed0_mode:       
 111   2                          
 112   2                          Enable_power();
 113   2                           
 114   2                          SPEED0=1;
 115   2                          SPEED1=0;
 116   2                          UV=1;
 117   2                         
C51 COMPILER V9.54   MAIN                                                                  11/12/2020 11:30:20 PAGE 3   

 118   2                          next_state=speed0_mode;
 119   2                          break;
 120   2        
 121   2        case speed1_mode:       
 122   2                          
 123   2                          Enable_power();
 124   2                          SPEED0=1;
 125   2                          SPEED1=1;
 126   2                          UV=1;
 127   2                         
 128   2                          next_state=speed1_mode;
 129   2                          break;
 130   2        
 131   2         
 132   2        
 133   2        
 134   2        
 135   2      
 136   2      
 137   2      
 138   2        
 139   2          }
 140   1          
 141   1      state=next_state;
 142   1      
 143   1      
 144   1      }
 145          
 146          
 147          
 148          
 149          
 150          
 151          
 152          
 153          void main(void) 
 154          {
 155   1        IO_Init();
 156   1        InitTime0();
 157   1        InitTime2();
 158   1        InitExtInterrupt();
 159   1      
 160   1        InitParameter() ;
 161   1      
 162   1        while(1) 
 163   1        { 
 164   2        
 165   2      
 166   2          
 167   2          Check_switch();
 168   2          State_process();
 169   2          
 170   2      
 171   2          Process_Timer();
 172   2       
 173   2          Process_LED();
 174   2         
 175   2        
 176   2          Process_sleep();
 177   2      
 178   2      
 179   2          
C51 COMPILER V9.54   MAIN                                                                  11/12/2020 11:30:20 PAGE 4   

 180   2        } 
 181   1      }
 182          
 183          void int0() interrupt 0
 184          {
 185   1      
 186   1         if ((switch_update==0)&&(SW==1)) 
 187   1         {
 188   2            Time_us=0;
 189   2            Time_ms=0;
 190   2            Time_sec=0;
 191   2            Time_min=0;
 192   2            
 193   2            key_holdtime=0;
 194   2            switch_update=1;
 195   2         }
 196   1      }
 197          
 198          void int1() interrupt 2
 199          {
 200   1         
 201   1      }
 202          
 203          
 204           
 205          void timer0() interrupt 1
 206          {
 207   1      
 208   1      if (switch_update==1) 
 209   1      {
 210   2        key_holdtime++;
 211   2        
 212   2        
 213   2        
 214   2          
 215   2          }
 216   1         
 217   1        Timer_update=1;
 218   1      }
 219          
 220          
 221          
 222          
 223          void timer2() interrupt 12  
 224          {
 225   1      
 226   1           
 227   1      }
 228          


MODULE INFORMATION:   STATIC OVERLAYABLE
   CODE SIZE        =    341    ----
   CONSTANT SIZE    =   ----    ----
   XDATA SIZE       =   ----    ----
   PDATA SIZE       =   ----    ----
   DATA SIZE        =   ----    ----
   IDATA SIZE       =     20    ----
   BIT SIZE         =      4    ----
   EDATA SIZE       =   ----    ----
   HDATA SIZE       =   ----    ----
   XDATA CONST SIZE =   ----    ----
C51 COMPILER V9.54   MAIN                                                                  11/12/2020 11:30:20 PAGE 5   

   FAR CONST SIZE   =   ----    ----
END OF MODULE INFORMATION.


C51 COMPILATION COMPLETE.  0 WARNING(S),  0 ERROR(S)
