C51 COMPILER V9.54   TIMER                                                                 04/24/2020 19:51:39 PAGE 1   


C51 COMPILER V9.54, COMPILATION OF MODULE TIMER
OBJECT MODULE PLACED IN Timer.obj
COMPILER INVOKED BY: c:\Keil_v5\C51\BIN\C51.EXE Public\src\Timer.c OMF2 ROM(COMPACT) OPTIMIZE(8,SPEED) BROWSE DEBUG PRIN
                    -T(.\Timer.lst) TABS(2) OBJECT(Timer.obj)

line level    source

   1          #include "./public/inc/config.h" 
   2          #include "./public/inc/Timer.h" 
   3          #include "./public/inc/delay.h"  
   4          #include "./public/inc/init.h"
   5          
   6          
   7          // AT89S51中断
   8          // 中断描述       中断号        中断入口地址       
   9          // 外部中断0(INT0)    0         0003H
  10          // 定时/计数器0(T1)   1         000BH
  11          // 外部中断1(INT1)    2         0013H
  12          // 定时/计数器1(T1)   3         001BH
  13          // 串行口中断(RI/TI)  4           0023H
  14          // AT89S52特有中断
  15          // 定时/计数器2(T2)   5         002BH
  16          
  17          
  18          
  19          #if 0
              void timer1_initial()
              {
                // 定时器1工作于模式2
                TMOD &= 0x0F;
                TMOD |= TMOD_TIMER1_MODE_2;
              
                // 167us
                TH1 = 0x66; 
                TL1 = 0xFF; 
                
                // 打开总中断
                EA = 1;   
                ET1 = 1;
              
                // 启动定时器1
                TR1= 1;
              }
              #endif


MODULE INFORMATION:   STATIC OVERLAYABLE
   CODE SIZE        =   ----    ----
   CONSTANT SIZE    =   ----    ----
   XDATA SIZE       =   ----    ----
   PDATA SIZE       =   ----    ----
   DATA SIZE        =   ----    ----
   IDATA SIZE       =   ----    ----
   BIT SIZE         =   ----    ----
   EDATA SIZE       =   ----    ----
   HDATA SIZE       =   ----    ----
   XDATA CONST SIZE =   ----    ----
   FAR CONST SIZE   =   ----    ----
END OF MODULE INFORMATION.


C51 COMPILATION COMPLETE.  0 WARNING(S),  0 ERROR(S)
