[0826/045504:ERROR:tcp_socket_win.cc(335)] bind() returned an error: 一次只能用一個通訊端位址 (通訊協定/網路位址/連接埠)。 (0x2740)
[0826/045504:ERROR:devtools_http_handler.cc(229)] Cannot start http server for devtools. Stop devtools.
[0826/192827:WARNING:dns_config_service_win.cc(665)] Failed to read DnsConfig.
[0826/192827:WARNING:dns_config_service_win.cc(665)] Failed to read DnsConfig.
[0826/192827:WARNING:dns_config_service_win.cc(665)] Failed to read DnsConfig.
[0826/192827:WARNING:dns_config_service_win.cc(665)] Failed to read DnsConfig.
[0826/192827:WARNING:dns_config_service_win.cc(665)] Failed to read DnsConfig.
[0826/192827:WARNING:dns_config_service_win.cc(665)] Failed to read DnsConfig.
[0826/192827:WARNING:dns_config_service_win.cc(665)] Failed to read DnsConfig.
[0826/192829:WARNING:dhcp_proxy_script_fetcher_win.cc(345)] Unexpected error retrieving WPAD configuration from DHCP.
[0826/192832:WARNING:dns_config_service_win.cc(665)] Failed to read DnsConfig.
[0826/192832:WARNING:dns_config_service_win.cc(665)] Failed to read DnsConfig.
[0826/192832:WARNING:dns_config_service_win.cc(665)] Failed to read DnsConfig.
[0826/192832:WARNING:dns_config_service_win.cc(665)] Failed to read DnsConfig.
[0826/192832:WARNING:dns_config_service_win.cc(665)] Failed to read DnsConfig.
[0826/192832:WARNING:dns_config_service_win.cc(665)] Failed to read DnsConfig.
[0826/192832:WARNING:dns_config_service_win.cc(665)] Failed to read DnsConfig.
[0826/192837:WARNING:dns_config_service_win.cc(665)] Failed to read DnsConfig.
[0826/192837:WARNING:dns_config_service_win.cc(665)] Failed to read DnsConfig.
[0826/192837:WARNING:dns_config_service_win.cc(665)] Failed to read DnsConfig.
[0826/192837:WARNING:dns_config_service_win.cc(665)] Failed to read DnsConfig.
[0826/192837:WARNING:dns_config_service_win.cc(665)] Failed to read DnsConfig.
[0826/192837:WARNING:dns_config_service_win.cc(665)] Failed to read DnsConfig.
[0826/192837:WARNING:dns_config_service_win.cc(665)] Failed to read DnsConfig.
[0826/192838:WARNING:dhcp_proxy_script_fetcher_win.cc(345)] Unexpected error retrieving WPAD configuration from DHCP.
[0826/192842:WARNING:dns_config_service_win.cc(665)] Failed to read DnsConfig.
[0826/192842:WARNING:dns_config_service_win.cc(665)] Failed to read DnsConfig.
[0826/192842:WARNING:dns_config_service_win.cc(665)] Failed to read DnsConfig.
[0826/192842:WARNING:dns_config_service_win.cc(665)] Failed to read DnsConfig.
[0826/192842:WARNING:dns_config_service_win.cc(665)] Failed to read DnsConfig.
[0826/192842:WARNING:dns_config_service_win.cc(665)] Failed to read DnsConfig.
[0826/192842:WARNING:dns_config_service_win.cc(665)] Failed to read DnsConfig.
[0826/192847:WARNING:dns_config_service_win.cc(665)] Failed to read DnsConfig.
[0826/192847:WARNING:dns_config_service_win.cc(665)] Failed to read DnsConfig.
[0826/192847:WARNING:dns_config_service_win.cc(665)] Failed to read DnsConfig.
[0826/192847:WARNING:dns_config_service_win.cc(665)] Failed to read DnsConfig.
[0826/192847:WARNING:dns_config_service_win.cc(665)] Failed to read DnsConfig.
[0826/192847:WARNING:dns_config_service_win.cc(665)] Failed to read DnsConfig.
[0826/192847:WARNING:dns_config_service_win.cc(665)] Failed to read DnsConfig.
[0826/192852:WARNING:dns_config_service_win.cc(665)] Failed to read DnsConfig.
[0826/192852:WARNING:dns_config_service_win.cc(665)] Failed to read DnsConfig.
[0826/192852:WARNING:dns_config_service_win.cc(665)] Failed to read DnsConfig.
[0826/192852:WARNING:dns_config_service_win.cc(665)] Failed to read DnsConfig.
[0826/192852:WARNING:dns_config_service_win.cc(665)] Failed to read DnsConfig.
[0826/192852:WARNING:dns_config_service_win.cc(665)] Failed to read DnsConfig.
[0826/192852:WARNING:dns_config_service_win.cc(665)] Failed to read DnsConfig.
[0826/192857:WARNING:dns_config_service_win.cc(665)] Failed to read DnsConfig.
[0826/192857:WARNING:dns_config_service_win.cc(665)] Failed to read DnsConfig.
[0826/192857:WARNING:dns_config_service_win.cc(665)] Failed to read DnsConfig.
[0826/192857:WARNING:dns_config_service_win.cc(665)] Failed to read DnsConfig.
[0826/192857:WARNING:dns_config_service_win.cc(665)] Failed to read DnsConfig.
[0826/192857:WARNING:dns_config_service_win.cc(665)] Failed to read DnsConfig.
[0826/192857:WARNING:dns_config_service_win.cc(665)] Failed to read DnsConfig.
[0826/192902:WARNING:dns_config_service_win.cc(665)] Failed to read DnsConfig.
[0826/192902:WARNING:dns_config_service_win.cc(665)] Failed to read DnsConfig.
[0826/192902:WARNING:dns_config_service_win.cc(665)] Failed to read DnsConfig.
[0826/192902:WARNING:dns_config_service_win.cc(665)] Failed to read DnsConfig.
[0826/192902:WARNING:dns_config_service_win.cc(665)] Failed to read DnsConfig.
[0826/192902:WARNING:dns_config_service_win.cc(665)] Failed to read DnsConfig.
[0826/192902:WARNING:dns_config_service_win.cc(665)] Failed to read DnsConfig.
[0826/192907:WARNING:dns_config_service_win.cc(665)] Failed to read DnsConfig.
[0826/192907:WARNING:dns_config_service_win.cc(665)] Failed to read DnsConfig.
[0826/192907:WARNING:dns_config_service_win.cc(665)] Failed to read DnsConfig.
[0826/192907:WARNING:dns_config_service_win.cc(665)] Failed to read DnsConfig.
[0826/192907:WARNING:dns_config_service_win.cc(665)] Failed to read DnsConfig.
[0826/192907:WARNING:dns_config_service_win.cc(665)] Failed to read DnsConfig.
[0826/192907:WARNING:dns_config_service_win.cc(665)] Failed to read DnsConfig.
[0826/192912:WARNING:dns_config_service_win.cc(665)] Failed to read DnsConfig.
[0826/192912:WARNING:dns_config_service_win.cc(665)] Failed to read DnsConfig.
[0826/192912:WARNING:dns_config_service_win.cc(665)] Failed to read DnsConfig.
[0826/192912:WARNING:dns_config_service_win.cc(665)] Failed to read DnsConfig.
[0826/192912:WARNING:dns_config_service_win.cc(665)] Failed to read DnsConfig.
[0826/192912:WARNING:dns_config_service_win.cc(665)] Failed to read DnsConfig.
[0826/192912:WARNING:dns_config_service_win.cc(665)] Failed to read DnsConfig.
[0826/192917:WARNING:dns_config_service_win.cc(665)] Failed to read DnsConfig.
[0826/192917:WARNING:dns_config_service_win.cc(665)] Failed to read DnsConfig.
[0826/192917:WARNING:dns_config_service_win.cc(665)] Failed to read DnsConfig.
[0826/192917:WARNING:dns_config_service_win.cc(665)] Failed to read DnsConfig.
[0826/192917:WARNING:dns_config_service_win.cc(665)] Failed to read DnsConfig.
[0826/192917:WARNING:dns_config_service_win.cc(665)] Failed to read DnsConfig.
[0826/192917:WARNING:dns_config_service_win.cc(665)] Failed to read DnsConfig.
[0826/192922:WARNING:dns_config_service_win.cc(665)] Failed to read DnsConfig.
[0826/192922:WARNING:dns_config_service_win.cc(665)] Failed to read DnsConfig.
[0826/192922:WARNING:dns_config_service_win.cc(665)] Failed to read DnsConfig.
[0826/192922:WARNING:dns_config_service_win.cc(665)] Failed to read DnsConfig.
[0826/192922:WARNING:dns_config_service_win.cc(665)] Failed to read DnsConfig.
[0826/192922:WARNING:dns_config_service_win.cc(665)] Failed to read DnsConfig.
[0826/192922:WARNING:dns_config_service_win.cc(665)] Failed to read DnsConfig.
[0826/192927:WARNING:dns_config_service_win.cc(665)] Failed to read DnsConfig.
[0826/192927:WARNING:dns_config_service_win.cc(665)] Failed to read DnsConfig.
[0826/192927:WARNING:dns_config_service_win.cc(665)] Failed to read DnsConfig.
[0826/192927:WARNING:dns_config_service_win.cc(665)] Failed to read DnsConfig.
[0826/192927:WARNING:dns_config_service_win.cc(665)] Failed to read DnsConfig.
[0826/192927:WARNING:dns_config_service_win.cc(665)] Failed to read DnsConfig.
[0826/192927:WARNING:dns_config_service_win.cc(665)] Failed to read DnsConfig.
[0826/192932:WARNING:dns_config_service_win.cc(665)] Failed to read DnsConfig.
[0826/192932:WARNING:dns_config_service_win.cc(665)] Failed to read DnsConfig.
[0826/192932:WARNING:dns_config_service_win.cc(665)] Failed to read DnsConfig.
[0826/192932:WARNING:dns_config_service_win.cc(665)] Failed to read DnsConfig.
[0826/192932:WARNING:dns_config_service_win.cc(665)] Failed to read DnsConfig.
[0826/192932:WARNING:dns_config_service_win.cc(665)] Failed to read DnsConfig.
[0826/192932:WARNING:dns_config_service_win.cc(665)] Failed to read DnsConfig.
[0826/192937:WARNING:dns_config_service_win.cc(665)] Failed to read DnsConfig.
[0826/192937:WARNING:dns_config_service_win.cc(665)] Failed to read DnsConfig.
[0826/192937:WARNING:dns_config_service_win.cc(665)] Failed to read DnsConfig.
[0826/192937:WARNING:dns_config_service_win.cc(665)] Failed to read DnsConfig.
[0826/192937:WARNING:dns_config_service_win.cc(665)] Failed to read DnsConfig.
[0826/192937:WARNING:dns_config_service_win.cc(665)] Failed to read DnsConfig.
[0826/192937:WARNING:dns_config_service_win.cc(665)] Failed to read DnsConfig.
[0826/192942:WARNING:dns_config_service_win.cc(665)] Failed to read DnsConfig.
[0826/192942:WARNING:dns_config_service_win.cc(665)] Failed to read DnsConfig.
[0826/192942:WARNING:dns_config_service_win.cc(665)] Failed to read DnsConfig.
[0826/192942:WARNING:dns_config_service_win.cc(665)] Failed to read DnsConfig.
[0826/192942:WARNING:dns_config_service_win.cc(665)] Failed to read DnsConfig.
[0826/192942:WARNING:dns_config_service_win.cc(665)] Failed to read DnsConfig.
[0826/192942:WARNING:dns_config_service_win.cc(665)] Failed to read DnsConfig.
[0826/192947:WARNING:dns_config_service_win.cc(665)] Failed to read DnsConfig.
[0826/192947:WARNING:dns_config_service_win.cc(665)] Failed to read DnsConfig.
[0826/192947:WARNING:dns_config_service_win.cc(665)] Failed to read DnsConfig.
[0826/192947:WARNING:dns_config_service_win.cc(665)] Failed to read DnsConfig.
[0826/192947:WARNING:dns_config_service_win.cc(665)] Failed to read DnsConfig.
[0826/192947:WARNING:dns_config_service_win.cc(665)] Failed to read DnsConfig.
[0826/192947:WARNING:dns_config_service_win.cc(665)] Failed to read DnsConfig.
[0826/192952:WARNING:dns_config_service_win.cc(665)] Failed to read DnsConfig.
[0826/192952:WARNING:dns_config_service_win.cc(665)] Failed to read DnsConfig.
[0826/192952:WARNING:dns_config_service_win.cc(665)] Failed to read DnsConfig.
[0826/192952:WARNING:dns_config_service_win.cc(665)] Failed to read DnsConfig.
[0826/192952:WARNING:dns_config_service_win.cc(665)] Failed to read DnsConfig.
[0826/192952:WARNING:dns_config_service_win.cc(665)] Failed to read DnsConfig.
[0826/192952:WARNING:dns_config_service_win.cc(665)] Failed to read DnsConfig.
[0826/192957:WARNING:dns_config_service_win.cc(665)] Failed to read DnsConfig.
[0826/192957:WARNING:dns_config_service_win.cc(665)] Failed to read DnsConfig.
[0826/192957:WARNING:dns_config_service_win.cc(665)] Failed to read DnsConfig.
[0826/192957:WARNING:dns_config_service_win.cc(665)] Failed to read DnsConfig.
[0826/192957:WARNING:dns_config_service_win.cc(665)] Failed to read DnsConfig.
[0826/192957:WARNING:dns_config_service_win.cc(665)] Failed to read DnsConfig.
[0826/192957:WARNING:dns_config_service_win.cc(665)] Failed to read DnsConfig.
[0826/193002:WARNING:dns_config_service_win.cc(665)] Failed to read DnsConfig.
[0826/193002:WARNING:dns_config_service_win.cc(665)] Failed to read DnsConfig.
[0826/193002:WARNING:dns_config_service_win.cc(665)] Failed to read DnsConfig.
[0826/193002:WARNING:dns_config_service_win.cc(665)] Failed to read DnsConfig.
[0826/193002:WARNING:dns_config_service_win.cc(665)] Failed to read DnsConfig.
[0826/193002:WARNING:dns_config_service_win.cc(665)] Failed to read DnsConfig.
[0826/193002:WARNING:dns_config_service_win.cc(665)] Failed to read DnsConfig.
[0826/193007:WARNING:dns_config_service_win.cc(665)] Failed to read DnsConfig.
[0826/193007:WARNING:dns_config_service_win.cc(665)] Failed to read DnsConfig.
[0826/193007:WARNING:dns_config_service_win.cc(665)] Failed to read DnsConfig.
[0826/193007:WARNING:dns_config_service_win.cc(665)] Failed to read DnsConfig.
[0826/193007:WARNING:dns_config_service_win.cc(665)] Failed to read DnsConfig.
[0826/193007:WARNING:dns_config_service_win.cc(665)] Failed to read DnsConfig.
[0826/193007:WARNING:dns_config_service_win.cc(665)] Failed to read DnsConfig.
[0826/193012:WARNING:dns_config_service_win.cc(665)] Failed to read DnsConfig.
[0826/193012:WARNING:dns_config_service_win.cc(665)] Failed to read DnsConfig.
[0826/193012:WARNING:dns_config_service_win.cc(665)] Failed to read DnsConfig.
[0826/193012:WARNING:dns_config_service_win.cc(665)] Failed to read DnsConfig.
[0826/193012:WARNING:dns_config_service_win.cc(665)] Failed to read DnsConfig.
[0826/193012:WARNING:dns_config_service_win.cc(665)] Failed to read DnsConfig.
[0826/193012:WARNING:dns_config_service_win.cc(665)] Failed to read DnsConfig.
[0826/193017:WARNING:dns_config_service_win.cc(665)] Failed to read DnsConfig.
[0826/193017:WARNING:dns_config_service_win.cc(665)] Failed to read DnsConfig.
[0826/193017:WARNING:dns_config_service_win.cc(665)] Failed to read DnsConfig.
[0826/193017:WARNING:dns_config_service_win.cc(665)] Failed to read DnsConfig.
[0826/193017:WARNING:dns_config_service_win.cc(665)] Failed to read DnsConfig.
[0826/193017:WARNING:dns_config_service_win.cc(665)] Failed to read DnsConfig.
[0826/193017:WARNING:dns_config_service_win.cc(665)] Failed to read DnsConfig.
[0826/193022:WARNING:dns_config_service_win.cc(665)] Failed to read DnsConfig.
[0826/193022:WARNING:dns_config_service_win.cc(665)] Failed to read DnsConfig.
[0826/193022:WARNING:dns_config_service_win.cc(665)] Failed to read DnsConfig.
[0826/193022:WARNING:dns_config_service_win.cc(665)] Failed to read DnsConfig.
[0826/193022:WARNING:dns_config_service_win.cc(665)] Failed to read DnsConfig.
[0826/193022:WARNING:dns_config_service_win.cc(665)] Failed to read DnsConfig.
[0826/193022:WARNING:dns_config_service_win.cc(665)] Failed to read DnsConfig.
[0826/193027:WARNING:dns_config_service_win.cc(665)] Failed to read DnsConfig.
[0826/193027:WARNING:dns_config_service_win.cc(665)] Failed to read DnsConfig.
[0826/193027:WARNING:dns_config_service_win.cc(665)] Failed to read DnsConfig.
[0826/193027:WARNING:dns_config_service_win.cc(665)] Failed to read DnsConfig.
[0826/193027:WARNING:dns_config_service_win.cc(665)] Failed to read DnsConfig.
[0826/193027:WARNING:dns_config_service_win.cc(665)] Failed to read DnsConfig.
[0826/193027:WARNING:dns_config_service_win.cc(665)] Failed to read DnsConfig.
[0826/193032:WARNING:dns_config_service_win.cc(665)] Failed to read DnsConfig.
[0826/193032:WARNING:dns_config_service_win.cc(665)] Failed to read DnsConfig.
[0826/193032:WARNING:dns_config_service_win.cc(665)] Failed to read DnsConfig.
[0826/193032:WARNING:dns_config_service_win.cc(665)] Failed to read DnsConfig.
[0826/193032:WARNING:dns_config_service_win.cc(665)] Failed to read DnsConfig.
[0826/193032:WARNING:dns_config_service_win.cc(665)] Failed to read DnsConfig.
[0826/193032:WARNING:dns_config_service_win.cc(665)] Failed to read DnsConfig.
[0826/193037:WARNING:dns_config_service_win.cc(665)] Failed to read DnsConfig.
[0826/193037:WARNING:dns_config_service_win.cc(665)] Failed to read DnsConfig.
[0826/193037:WARNING:dns_config_service_win.cc(665)] Failed to read DnsConfig.
[0826/193037:WARNING:dns_config_service_win.cc(665)] Failed to read DnsConfig.
[0826/193037:WARNING:dns_config_service_win.cc(665)] Failed to read DnsConfig.
[0826/193037:WARNING:dns_config_service_win.cc(665)] Failed to read DnsConfig.
[0826/193037:WARNING:dns_config_service_win.cc(665)] Failed to read DnsConfig.
[0826/193042:WARNING:dns_config_service_win.cc(665)] Failed to read DnsConfig.
[0826/193042:WARNING:dns_config_service_win.cc(665)] Failed to read DnsConfig.
[0826/193042:WARNING:dns_config_service_win.cc(665)] Failed to read DnsConfig.
[0826/193042:WARNING:dns_config_service_win.cc(665)] Failed to read DnsConfig.
[0826/193042:WARNING:dns_config_service_win.cc(665)] Failed to read DnsConfig.
[0826/193042:WARNING:dns_config_service_win.cc(665)] Failed to read DnsConfig.
[0826/193042:WARNING:dns_config_service_win.cc(665)] Failed to read DnsConfig.
[0826/193047:WARNING:dns_config_service_win.cc(665)] Failed to read DnsConfig.
[0826/193047:WARNING:dns_config_service_win.cc(665)] Failed to read DnsConfig.
[0826/193047:WARNING:dns_config_service_win.cc(665)] Failed to read DnsConfig.
[0826/193047:WARNING:dns_config_service_win.cc(665)] Failed to read DnsConfig.
[0826/193047:WARNING:dns_config_service_win.cc(665)] Failed to read DnsConfig.
[0826/193047:WARNING:dns_config_service_win.cc(665)] Failed to read DnsConfig.
[0826/193047:WARNING:dns_config_service_win.cc(665)] Failed to read DnsConfig.
[0826/193052:WARNING:dns_config_service_win.cc(665)] Failed to read DnsConfig.
[0826/193052:WARNING:dns_config_service_win.cc(665)] Failed to read DnsConfig.
[0826/193052:WARNING:dns_config_service_win.cc(665)] Failed to read DnsConfig.
[0826/193052:WARNING:dns_config_service_win.cc(665)] Failed to read DnsConfig.
[0826/193052:WARNING:dns_config_service_win.cc(665)] Failed to read DnsConfig.
[0826/193052:WARNING:dns_config_service_win.cc(665)] Failed to read DnsConfig.
[0826/193052:WARNING:dns_config_service_win.cc(665)] Failed to read DnsConfig.
[0826/193057:WARNING:dns_config_service_win.cc(665)] Failed to read DnsConfig.
[0826/193057:WARNING:dns_config_service_win.cc(665)] Failed to read DnsConfig.
[0826/193057:WARNING:dns_config_service_win.cc(665)] Failed to read DnsConfig.
[0826/193057:WARNING:dns_config_service_win.cc(665)] Failed to read DnsConfig.
[0826/193057:WARNING:dns_config_service_win.cc(665)] Failed to read DnsConfig.
[0826/193057:WARNING:dns_config_service_win.cc(665)] Failed to read DnsConfig.
[0826/193057:WARNING:dns_config_service_win.cc(665)] Failed to read DnsConfig.
[0826/193102:WARNING:dns_config_service_win.cc(665)] Failed to read DnsConfig.
[0826/193102:WARNING:dns_config_service_win.cc(665)] Failed to read DnsConfig.
[0826/193102:WARNING:dns_config_service_win.cc(665)] Failed to read DnsConfig.
[0826/193102:WARNING:dns_config_service_win.cc(665)] Failed to read DnsConfig.
[0826/193102:WARNING:dns_config_service_win.cc(665)] Failed to read DnsConfig.
[0826/193102:WARNING:dns_config_service_win.cc(665)] Failed to read DnsConfig.
[0826/193102:WARNING:dns_config_service_win.cc(665)] Failed to read DnsConfig.
[0826/193107:WARNING:dns_config_service_win.cc(665)] Failed to read DnsConfig.
[0826/193107:WARNING:dns_config_service_win.cc(665)] Failed to read DnsConfig.
[0826/193107:WARNING:dns_config_service_win.cc(665)] Failed to read DnsConfig.
[0826/193107:WARNING:dns_config_service_win.cc(665)] Failed to read DnsConfig.
[0826/193107:WARNING:dns_config_service_win.cc(665)] Failed to read DnsConfig.
[0826/193107:WARNING:dns_config_service_win.cc(665)] Failed to read DnsConfig.
[0826/193107:WARNING:dns_config_service_win.cc(665)] Failed to read DnsConfig.
[0826/193112:WARNING:dns_config_service_win.cc(665)] Failed to read DnsConfig.
[0826/193112:WARNING:dns_config_service_win.cc(665)] Failed to read DnsConfig.
[0826/193112:WARNING:dns_config_service_win.cc(665)] Failed to read DnsConfig.
[0826/193112:WARNING:dns_config_service_win.cc(665)] Failed to read DnsConfig.
[0826/193112:WARNING:dns_config_service_win.cc(665)] Failed to read DnsConfig.
[0826/193112:WARNING:dns_config_service_win.cc(665)] Failed to read DnsConfig.
[0826/193112:WARNING:dns_config_service_win.cc(665)] Failed to read DnsConfig.
[0826/193117:WARNING:dns_config_service_win.cc(665)] Failed to read DnsConfig.
[0826/193117:WARNING:dns_config_service_win.cc(665)] Failed to read DnsConfig.
[0826/193117:WARNING:dns_config_service_win.cc(665)] Failed to read DnsConfig.
[0826/193117:WARNING:dns_config_service_win.cc(665)] Failed to read DnsConfig.
[0826/193117:WARNING:dns_config_service_win.cc(665)] Failed to read DnsConfig.
[0826/193117:WARNING:dns_config_service_win.cc(665)] Failed to read DnsConfig.
[0826/193117:WARNING:dns_config_service_win.cc(665)] Failed to read DnsConfig.
[0826/193122:WARNING:dns_config_service_win.cc(665)] Failed to read DnsConfig.
[0826/193122:WARNING:dns_config_service_win.cc(665)] Failed to read DnsConfig.
[0826/193122:WARNING:dns_config_service_win.cc(665)] Failed to read DnsConfig.
[0826/193122:WARNING:dns_config_service_win.cc(665)] Failed to read DnsConfig.
[0826/193122:WARNING:dns_config_service_win.cc(665)] Failed to read DnsConfig.
[0826/193122:WARNING:dns_config_service_win.cc(665)] Failed to read DnsConfig.
[0826/193122:WARNING:dns_config_service_win.cc(665)] Failed to read DnsConfig.
[0826/193127:WARNING:dns_config_service_win.cc(665)] Failed to read DnsConfig.
[0826/193127:WARNING:dns_config_service_win.cc(665)] Failed to read DnsConfig.
[0826/193127:WARNING:dns_config_service_win.cc(665)] Failed to read DnsConfig.
[0826/193127:WARNING:dns_config_service_win.cc(665)] Failed to read DnsConfig.
[0826/193127:WARNING:dns_config_service_win.cc(665)] Failed to read DnsConfig.
[0826/193127:WARNING:dns_config_service_win.cc(665)] Failed to read DnsConfig.
[0826/193127:WARNING:dns_config_service_win.cc(665)] Failed to read DnsConfig.
[0826/193132:WARNING:dns_config_service_win.cc(665)] Failed to read DnsConfig.
[0826/193132:WARNING:dns_config_service_win.cc(665)] Failed to read DnsConfig.
[0826/193132:WARNING:dns_config_service_win.cc(665)] Failed to read DnsConfig.
[0826/193132:WARNING:dns_config_service_win.cc(665)] Failed to read DnsConfig.
[0826/193132:WARNING:dns_config_service_win.cc(665)] Failed to read DnsConfig.
[0826/193132:WARNING:dns_config_service_win.cc(665)] Failed to read DnsConfig.
[0826/193132:WARNING:dns_config_service_win.cc(665)] Failed to read DnsConfig.
[0826/193137:WARNING:dns_config_service_win.cc(665)] Failed to read DnsConfig.
[0826/193137:WARNING:dns_config_service_win.cc(665)] Failed to read DnsConfig.
[0826/193137:WARNING:dns_config_service_win.cc(665)] Failed to read DnsConfig.
[0826/193137:WARNING:dns_config_service_win.cc(665)] Failed to read DnsConfig.
[0826/193137:WARNING:dns_config_service_win.cc(665)] Failed to read DnsConfig.
[0826/193137:WARNING:dns_config_service_win.cc(665)] Failed to read DnsConfig.
[0826/193142:WARNING:dns_config_service_win.cc(665)] Failed to read DnsConfig.
[0826/193142:WARNING:dns_config_service_win.cc(665)] Failed to read DnsConfig.
[0826/193142:WARNING:dns_config_service_win.cc(665)] Failed to read DnsConfig.
[0826/193142:WARNING:dns_config_service_win.cc(665)] Failed to read DnsConfig.
[0826/193142:WARNING:dns_config_service_win.cc(665)] Failed to read DnsConfig.
[0826/193142:WARNING:dns_config_service_win.cc(665)] Failed to read DnsConfig.
[0826/193147:WARNING:dns_config_service_win.cc(665)] Failed to read DnsConfig.
[0826/193147:WARNING:dns_config_service_win.cc(665)] Failed to read DnsConfig.
[0826/193147:WARNING:dns_config_service_win.cc(665)] Failed to read DnsConfig.
[0826/193147:WARNING:dns_config_service_win.cc(665)] Failed to read DnsConfig.
[0826/193147:WARNING:dns_config_service_win.cc(665)] Failed to read DnsConfig.
[0826/193147:WARNING:dns_config_service_win.cc(665)] Failed to read DnsConfig.
[0826/193152:WARNING:dns_config_service_win.cc(665)] Failed to read DnsConfig.
[0826/193152:WARNING:dns_config_service_win.cc(665)] Failed to read DnsConfig.
[0826/193152:WARNING:dns_config_service_win.cc(665)] Failed to read DnsConfig.
[0826/193152:WARNING:dns_config_service_win.cc(665)] Failed to read DnsConfig.
[0826/193152:WARNING:dns_config_service_win.cc(665)] Failed to read DnsConfig.
[0826/193152:WARNING:dns_config_service_win.cc(665)] Failed to read DnsConfig.
[0826/193157:WARNING:dns_config_service_win.cc(665)] Failed to read DnsConfig.
[0826/193157:WARNING:dns_config_service_win.cc(665)] Failed to read DnsConfig.
[0826/193157:WARNING:dns_config_service_win.cc(665)] Failed to read DnsConfig.
[0826/193157:WARNING:dns_config_service_win.cc(665)] Failed to read DnsConfig.
[0826/193157:WARNING:dns_config_service_win.cc(665)] Failed to read DnsConfig.
[0826/193157:WARNING:dns_config_service_win.cc(665)] Failed to read DnsConfig.
[0826/193202:WARNING:dns_config_service_win.cc(665)] Failed to read DnsConfig.
[0826/193202:WARNING:dns_config_service_win.cc(665)] Failed to read DnsConfig.
[0826/193202:WARNING:dns_config_service_win.cc(665)] Failed to read DnsConfig.
[0826/193202:WARNING:dns_config_service_win.cc(665)] Failed to read DnsConfig.
[0826/193202:WARNING:dns_config_service_win.cc(665)] Failed to read DnsConfig.
[0826/193202:WARNING:dns_config_service_win.cc(665)] Failed to read DnsConfig.
[0826/193207:WARNING:dns_config_service_win.cc(665)] Failed to read DnsConfig.
[0826/193207:WARNING:dns_config_service_win.cc(665)] Failed to read DnsConfig.
[0826/193207:WARNING:dns_config_service_win.cc(665)] Failed to read DnsConfig.
[0826/193207:WARNING:dns_config_service_win.cc(665)] Failed to read DnsConfig.
[0826/193207:WARNING:dns_config_service_win.cc(665)] Failed to read DnsConfig.
[0826/193207:WARNING:dns_config_service_win.cc(665)] Failed to read DnsConfig.
[0826/193212:WARNING:dns_config_service_win.cc(665)] Failed to read DnsConfig.
[0826/193212:WARNING:dns_config_service_win.cc(665)] Failed to read DnsConfig.
[0826/193212:WARNING:dns_config_service_win.cc(665)] Failed to read DnsConfig.
[0826/193212:WARNING:dns_config_service_win.cc(665)] Failed to read DnsConfig.
[0826/193212:WARNING:dns_config_service_win.cc(665)] Failed to read DnsConfig.
[0826/193212:WARNING:dns_config_service_win.cc(665)] Failed to read DnsConfig.
[0826/193217:WARNING:dns_config_service_win.cc(665)] Failed to read DnsConfig.
[0826/193217:WARNING:dns_config_service_win.cc(665)] Failed to read DnsConfig.
[0826/193217:WARNING:dns_config_service_win.cc(665)] Failed to read DnsConfig.
[0826/193217:WARNING:dns_config_service_win.cc(665)] Failed to read DnsConfig.
[0826/193217:WARNING:dns_config_service_win.cc(665)] Failed to read DnsConfig.
[0826/193217:WARNING:dns_config_service_win.cc(665)] Failed to read DnsConfig.
[0826/193222:WARNING:dns_config_service_win.cc(665)] Failed to read DnsConfig.
[0826/193222:WARNING:dns_config_service_win.cc(665)] Failed to read DnsConfig.
[0826/193222:WARNING:dns_config_service_win.cc(665)] Failed to read DnsConfig.
[0826/193222:WARNING:dns_config_service_win.cc(665)] Failed to read DnsConfig.
[0826/193222:WARNING:dns_config_service_win.cc(665)] Failed to read DnsConfig.
[0826/193222:WARNING:dns_config_service_win.cc(665)] Failed to read DnsConfig.
[0826/193227:WARNING:dns_config_service_win.cc(665)] Failed to read DnsConfig.
[0826/193227:WARNING:dns_config_service_win.cc(665)] Failed to read DnsConfig.
[0826/193227:WARNING:dns_config_service_win.cc(665)] Failed to read DnsConfig.
[0826/193227:WARNING:dns_config_service_win.cc(665)] Failed to read DnsConfig.
[0826/193227:WARNING:dns_config_service_win.cc(665)] Failed to read DnsConfig.
[0826/193227:WARNING:dns_config_service_win.cc(665)] Failed to read DnsConfig.
[0826/193232:WARNING:dns_config_service_win.cc(665)] Failed to read DnsConfig.
[0826/193232:WARNING:dns_config_service_win.cc(665)] Failed to read DnsConfig.
[0826/193232:WARNING:dns_config_service_win.cc(665)] Failed to read DnsConfig.
[0826/193232:WARNING:dns_config_service_win.cc(665)] Failed to read DnsConfig.
[0826/193232:WARNING:dns_config_service_win.cc(665)] Failed to read DnsConfig.
[0826/193232:WARNING:dns_config_service_win.cc(665)] Failed to read DnsConfig.
[0826/193237:WARNING:dns_config_service_win.cc(665)] Failed to read DnsConfig.
[0826/193237:WARNING:dns_config_service_win.cc(665)] Failed to read DnsConfig.
[0826/193237:WARNING:dns_config_service_win.cc(665)] Failed to read DnsConfig.
[0826/193237:WARNING:dns_config_service_win.cc(665)] Failed to read DnsConfig.
[0826/193237:WARNING:dns_config_service_win.cc(665)] Failed to read DnsConfig.
[0826/193237:WARNING:dns_config_service_win.cc(665)] Failed to read DnsConfig.
[0826/193242:WARNING:dns_config_service_win.cc(665)] Failed to read DnsConfig.
[0826/193242:WARNING:dns_config_service_win.cc(665)] Failed to read DnsConfig.
[0826/193242:WARNING:dns_config_service_win.cc(665)] Failed to read DnsConfig.
[0826/193242:WARNING:dns_config_service_win.cc(665)] Failed to read DnsConfig.
[0826/193242:WARNING:dns_config_service_win.cc(665)] Failed to read DnsConfig.
[0826/193242:WARNING:dns_config_service_win.cc(665)] Failed to read DnsConfig.
[0826/193247:WARNING:dns_config_service_win.cc(665)] Failed to read DnsConfig.
[0826/193247:WARNING:dns_config_service_win.cc(665)] Failed to read DnsConfig.
[0826/193247:WARNING:dns_config_service_win.cc(665)] Failed to read DnsConfig.
[0826/193247:WARNING:dns_config_service_win.cc(665)] Failed to read DnsConfig.
[0826/193247:WARNING:dns_config_service_win.cc(665)] Failed to read DnsConfig.
[0826/193247:WARNING:dns_config_service_win.cc(665)] Failed to read DnsConfig.
[0826/193252:WARNING:dns_config_service_win.cc(665)] Failed to read DnsConfig.
[0826/193252:WARNING:dns_config_service_win.cc(665)] Failed to read DnsConfig.
[0826/193252:WARNING:dns_config_service_win.cc(665)] Failed to read DnsConfig.
[0826/193252:WARNING:dns_config_service_win.cc(665)] Failed to read DnsConfig.
[0826/193252:WARNING:dns_config_service_win.cc(665)] Failed to read DnsConfig.
[0826/193252:WARNING:dns_config_service_win.cc(665)] Failed to read DnsConfig.
[0826/193257:WARNING:dns_config_service_win.cc(665)] Failed to read DnsConfig.
[0826/193257:WARNING:dns_config_service_win.cc(665)] Failed to read DnsConfig.
[0826/193257:WARNING:dns_config_service_win.cc(665)] Failed to read DnsConfig.
[0826/193257:WARNING:dns_config_service_win.cc(665)] Failed to read DnsConfig.
[0826/193257:WARNING:dns_config_service_win.cc(665)] Failed to read DnsConfig.
[0826/193257:WARNING:dns_config_service_win.cc(665)] Failed to read DnsConfig.
[0826/193302:WARNING:dns_config_service_win.cc(665)] Failed to read DnsConfig.
[0826/193302:WARNING:dns_config_service_win.cc(665)] Failed to read DnsConfig.
[0826/193302:WARNING:dns_config_service_win.cc(665)] Failed to read DnsConfig.
[0826/193302:WARNING:dns_config_service_win.cc(665)] Failed to read DnsConfig.
[0826/193302:WARNING:dns_config_service_win.cc(665)] Failed to read DnsConfig.
[0826/193302:WARNING:dns_config_service_win.cc(665)] Failed to read DnsConfig.
[0826/193307:WARNING:dns_config_service_win.cc(665)] Failed to read DnsConfig.
[0826/193307:WARNING:dns_config_service_win.cc(665)] Failed to read DnsConfig.
[0826/193307:WARNING:dns_config_service_win.cc(665)] Failed to read DnsConfig.
[0826/193307:WARNING:dns_config_service_win.cc(665)] Failed to read DnsConfig.
[0826/193307:WARNING:dns_config_service_win.cc(665)] Failed to read DnsConfig.
[0826/193307:WARNING:dns_config_service_win.cc(665)] Failed to read DnsConfig.
[0826/193312:WARNING:dns_config_service_win.cc(665)] Failed to read DnsConfig.
[0826/193312:WARNING:dns_config_service_win.cc(665)] Failed to read DnsConfig.
[0826/193312:WARNING:dns_config_service_win.cc(665)] Failed to read DnsConfig.
[0826/193312:WARNING:dns_config_service_win.cc(665)] Failed to read DnsConfig.
[0826/193312:WARNING:dns_config_service_win.cc(665)] Failed to read DnsConfig.
[0826/193312:WARNING:dns_config_service_win.cc(665)] Failed to read DnsConfig.
[0826/193317:WARNING:dns_config_service_win.cc(665)] Failed to read DnsConfig.
[0826/193317:WARNING:dns_config_service_win.cc(665)] Failed to read DnsConfig.
[0826/193317:WARNING:dns_config_service_win.cc(665)] Failed to read DnsConfig.
[0826/193317:WARNING:dns_config_service_win.cc(665)] Failed to read DnsConfig.
[0826/193317:WARNING:dns_config_service_win.cc(665)] Failed to read DnsConfig.
[0826/193317:WARNING:dns_config_service_win.cc(665)] Failed to read DnsConfig.
[0826/193322:WARNING:dns_config_service_win.cc(665)] Failed to read DnsConfig.
[0826/193322:WARNING:dns_config_service_win.cc(665)] Failed to read DnsConfig.
[0826/193322:WARNING:dns_config_service_win.cc(665)] Failed to read DnsConfig.
[0826/193322:WARNING:dns_config_service_win.cc(665)] Failed to read DnsConfig.
[0826/193322:WARNING:dns_config_service_win.cc(665)] Failed to read DnsConfig.
[0826/193322:WARNING:dns_config_service_win.cc(665)] Failed to read DnsConfig.
[0826/193327:WARNING:dns_config_service_win.cc(665)] Failed to read DnsConfig.
[0826/193327:WARNING:dns_config_service_win.cc(665)] Failed to read DnsConfig.
[0826/193327:WARNING:dns_config_service_win.cc(665)] Failed to read DnsConfig.
[0826/193327:WARNING:dns_config_service_win.cc(665)] Failed to read DnsConfig.
[0826/193327:WARNING:dns_config_service_win.cc(665)] Failed to read DnsConfig.
[0826/193327:WARNING:dns_config_service_win.cc(665)] Failed to read DnsConfig.
[0826/193332:WARNING:dns_config_service_win.cc(665)] Failed to read DnsConfig.
[0826/193332:WARNING:dns_config_service_win.cc(665)] Failed to read DnsConfig.
[0826/193332:WARNING:dns_config_service_win.cc(665)] Failed to read DnsConfig.
[0826/193332:WARNING:dns_config_service_win.cc(665)] Failed to read DnsConfig.
[0826/193332:WARNING:dns_config_service_win.cc(665)] Failed to read DnsConfig.
[0826/193332:WARNING:dns_config_service_win.cc(665)] Failed to read DnsConfig.
[0826/193337:WARNING:dns_config_service_win.cc(665)] Failed to read DnsConfig.
[0826/193337:WARNING:dns_config_service_win.cc(665)] Failed to read DnsConfig.
[0826/193337:WARNING:dns_config_service_win.cc(665)] Failed to read DnsConfig.
[0826/193337:WARNING:dns_config_service_win.cc(665)] Failed to read DnsConfig.
[0826/193337:WARNING:dns_config_service_win.cc(665)] Failed to read DnsConfig.
[0826/193337:WARNING:dns_config_service_win.cc(665)] Failed to read DnsConfig.
[0826/193342:WARNING:dns_config_service_win.cc(665)] Failed to read DnsConfig.
[0826/193342:WARNING:dns_config_service_win.cc(665)] Failed to read DnsConfig.
[0826/193342:WARNING:dns_config_service_win.cc(665)] Failed to read DnsConfig.
[0826/193342:WARNING:dns_config_service_win.cc(665)] Failed to read DnsConfig.
[0826/193342:WARNING:dns_config_service_win.cc(665)] Failed to read DnsConfig.
[0826/193342:WARNING:dns_config_service_win.cc(665)] Failed to read DnsConfig.
[0826/193347:WARNING:dns_config_service_win.cc(665)] Failed to read DnsConfig.
[0826/193347:WARNING:dns_config_service_win.cc(665)] Failed to read DnsConfig.
[0826/193347:WARNING:dns_config_service_win.cc(665)] Failed to read DnsConfig.
[0826/193347:WARNING:dns_config_service_win.cc(665)] Failed to read DnsConfig.
[0826/193347:WARNING:dns_config_service_win.cc(665)] Failed to read DnsConfig.
[0826/193347:WARNING:dns_config_service_win.cc(665)] Failed to read DnsConfig.
[0826/193352:WARNING:dns_config_service_win.cc(665)] Failed to read DnsConfig.
[0826/193352:WARNING:dns_config_service_win.cc(665)] Failed to read DnsConfig.
[0826/193352:WARNING:dns_config_service_win.cc(665)] Failed to read DnsConfig.
[0826/193352:WARNING:dns_config_service_win.cc(665)] Failed to read DnsConfig.
[0826/193352:WARNING:dns_config_service_win.cc(665)] Failed to read DnsConfig.
[0826/193352:WARNING:dns_config_service_win.cc(665)] Failed to read DnsConfig.
[0826/193357:WARNING:dns_config_service_win.cc(665)] Failed to read DnsConfig.
[0826/193357:WARNING:dns_config_service_win.cc(665)] Failed to read DnsConfig.
[0826/193357:WARNING:dns_config_service_win.cc(665)] Failed to read DnsConfig.
[0826/193357:WARNING:dns_config_service_win.cc(665)] Failed to read DnsConfig.
[0826/193357:WARNING:dns_config_service_win.cc(665)] Failed to read DnsConfig.
[0826/193357:WARNING:dns_config_service_win.cc(665)] Failed to read DnsConfig.
[0826/193402:WARNING:dns_config_service_win.cc(665)] Failed to read DnsConfig.
[0826/193402:WARNING:dns_config_service_win.cc(665)] Failed to read DnsConfig.
[0826/193402:WARNING:dns_config_service_win.cc(665)] Failed to read DnsConfig.
[0826/193402:WARNING:dns_config_service_win.cc(665)] Failed to read DnsConfig.
[0826/193402:WARNING:dns_config_service_win.cc(665)] Failed to read DnsConfig.
[0826/193402:WARNING:dns_config_service_win.cc(665)] Failed to read DnsConfig.
[0826/193407:WARNING:dns_config_service_win.cc(665)] Failed to read DnsConfig.
[0826/193407:WARNING:dns_config_service_win.cc(665)] Failed to read DnsConfig.
[0826/193407:WARNING:dns_config_service_win.cc(665)] Failed to read DnsConfig.
[0826/193407:WARNING:dns_config_service_win.cc(665)] Failed to read DnsConfig.
[0826/193407:WARNING:dns_config_service_win.cc(665)] Failed to read DnsConfig.
[0826/193407:WARNING:dns_config_service_win.cc(665)] Failed to read DnsConfig.
[0826/193412:WARNING:dns_config_service_win.cc(665)] Failed to read DnsConfig.
[0826/193412:WARNING:dns_config_service_win.cc(665)] Failed to read DnsConfig.
[0826/193412:WARNING:dns_config_service_win.cc(665)] Failed to read DnsConfig.
[0826/193412:WARNING:dns_config_service_win.cc(665)] Failed to read DnsConfig.
[0826/193412:WARNING:dns_config_service_win.cc(665)] Failed to read DnsConfig.
[0826/193412:WARNING:dns_config_service_win.cc(665)] Failed to read DnsConfig.
[0826/193417:WARNING:dns_config_service_win.cc(665)] Failed to read DnsConfig.
[0826/193417:WARNING:dns_config_service_win.cc(665)] Failed to read DnsConfig.
[0826/193417:WARNING:dns_config_service_win.cc(665)] Failed to read DnsConfig.
[0826/193417:WARNING:dns_config_service_win.cc(665)] Failed to read DnsConfig.
[0826/193417:WARNING:dns_config_service_win.cc(665)] Failed to read DnsConfig.
[0826/193417:WARNING:dns_config_service_win.cc(665)] Failed to read DnsConfig.
[0826/193422:WARNING:dns_config_service_win.cc(665)] Failed to read DnsConfig.
[0826/193422:WARNING:dns_config_service_win.cc(665)] Failed to read DnsConfig.
[0826/193422:WARNING:dns_config_service_win.cc(665)] Failed to read DnsConfig.
[0826/193422:WARNING:dns_config_service_win.cc(665)] Failed to read DnsConfig.
[0826/193422:WARNING:dns_config_service_win.cc(665)] Failed to read DnsConfig.
[0826/193422:WARNING:dns_config_service_win.cc(665)] Failed to read DnsConfig.
[0826/193427:WARNING:dns_config_service_win.cc(665)] Failed to read DnsConfig.
[0826/193427:WARNING:dns_config_service_win.cc(665)] Failed to read DnsConfig.
[0826/193427:WARNING:dns_config_service_win.cc(665)] Failed to read DnsConfig.
[0826/193427:WARNING:dns_config_service_win.cc(665)] Failed to read DnsConfig.
[0826/193427:WARNING:dns_config_service_win.cc(665)] Failed to read DnsConfig.
[0826/193427:WARNING:dns_config_service_win.cc(665)] Failed to read DnsConfig.
[0826/193432:WARNING:dns_config_service_win.cc(665)] Failed to read DnsConfig.
[0826/193432:WARNING:dns_config_service_win.cc(665)] Failed to read DnsConfig.
[0826/193432:WARNING:dns_config_service_win.cc(665)] Failed to read DnsConfig.
[0826/193432:WARNING:dns_config_service_win.cc(665)] Failed to read DnsConfig.
[0826/193432:WARNING:dns_config_service_win.cc(665)] Failed to read DnsConfig.
[0826/193432:WARNING:dns_config_service_win.cc(665)] Failed to read DnsConfig.
[0826/193437:WARNING:dns_config_service_win.cc(665)] Failed to read DnsConfig.
[0826/193437:WARNING:dns_config_service_win.cc(665)] Failed to read DnsConfig.
[0826/193437:WARNING:dns_config_service_win.cc(665)] Failed to read DnsConfig.
[0826/193437:WARNING:dns_config_service_win.cc(665)] Failed to read DnsConfig.
[0826/193437:WARNING:dns_config_service_win.cc(665)] Failed to read DnsConfig.
[0826/193437:WARNING:dns_config_service_win.cc(665)] Failed to read DnsConfig.
[0826/193442:WARNING:dns_config_service_win.cc(665)] Failed to read DnsConfig.
[0826/193442:WARNING:dns_config_service_win.cc(665)] Failed to read DnsConfig.
[0826/193442:WARNING:dns_config_service_win.cc(665)] Failed to read DnsConfig.
[0826/193442:WARNING:dns_config_service_win.cc(665)] Failed to read DnsConfig.
[0826/193442:WARNING:dns_config_service_win.cc(665)] Failed to read DnsConfig.
[0826/193442:WARNING:dns_config_service_win.cc(665)] Failed to read DnsConfig.
[0826/193447:WARNING:dns_config_service_win.cc(665)] Failed to read DnsConfig.
[0826/193447:WARNING:dns_config_service_win.cc(665)] Failed to read DnsConfig.
[0826/193447:WARNING:dns_config_service_win.cc(665)] Failed to read DnsConfig.
[0826/193447:WARNING:dns_config_service_win.cc(665)] Failed to read DnsConfig.
[0826/193447:WARNING:dns_config_service_win.cc(665)] Failed to read DnsConfig.
[0826/193447:WARNING:dns_config_service_win.cc(665)] Failed to read DnsConfig.
[0826/193452:WARNING:dns_config_service_win.cc(665)] Failed to read DnsConfig.
[0826/193452:WARNING:dns_config_service_win.cc(665)] Failed to read DnsConfig.
[0826/193452:WARNING:dns_config_service_win.cc(665)] Failed to read DnsConfig.
[0826/193452:WARNING:dns_config_service_win.cc(665)] Failed to read DnsConfig.
[0826/193452:WARNING:dns_config_service_win.cc(665)] Failed to read DnsConfig.
[0826/193452:WARNING:dns_config_service_win.cc(665)] Failed to read DnsConfig.
[0826/193457:WARNING:dns_config_service_win.cc(665)] Failed to read DnsConfig.
[0826/193457:WARNING:dns_config_service_win.cc(665)] Failed to read DnsConfig.
[0826/193457:WARNING:dns_config_service_win.cc(665)] Failed to read DnsConfig.
[0826/193457:WARNING:dns_config_service_win.cc(665)] Failed to read DnsConfig.
[0826/193457:WARNING:dns_config_service_win.cc(665)] Failed to read DnsConfig.
[0826/193457:WARNING:dns_config_service_win.cc(665)] Failed to read DnsConfig.
[0826/193502:WARNING:dns_config_service_win.cc(665)] Failed to read DnsConfig.
[0826/193502:WARNING:dns_config_service_win.cc(665)] Failed to read DnsConfig.
[0826/193502:WARNING:dns_config_service_win.cc(665)] Failed to read DnsConfig.
[0826/193502:WARNING:dns_config_service_win.cc(665)] Failed to read DnsConfig.
[0826/193502:WARNING:dns_config_service_win.cc(665)] Failed to read DnsConfig.
[0826/193502:WARNING:dns_config_service_win.cc(665)] Failed to read DnsConfig.
[0826/193507:WARNING:dns_config_service_win.cc(665)] Failed to read DnsConfig.
[0826/193507:WARNING:dns_config_service_win.cc(665)] Failed to read DnsConfig.
[0826/193507:WARNING:dns_config_service_win.cc(665)] Failed to read DnsConfig.
[0826/193507:WARNING:dns_config_service_win.cc(665)] Failed to read DnsConfig.
[0826/193507:WARNING:dns_config_service_win.cc(665)] Failed to read DnsConfig.
[0826/193507:WARNING:dns_config_service_win.cc(665)] Failed to read DnsConfig.
[0826/193512:WARNING:dns_config_service_win.cc(665)] Failed to read DnsConfig.
[0826/193512:WARNING:dns_config_service_win.cc(665)] Failed to read DnsConfig.
[0826/193512:WARNING:dns_config_service_win.cc(665)] Failed to read DnsConfig.
[0826/193512:WARNING:dns_config_service_win.cc(665)] Failed to read DnsConfig.
[0826/193512:WARNING:dns_config_service_win.cc(665)] Failed to read DnsConfig.
[0826/193512:WARNING:dns_config_service_win.cc(665)] Failed to read DnsConfig.
[0826/193517:WARNING:dns_config_service_win.cc(665)] Failed to read DnsConfig.
[0826/193517:WARNING:dns_config_service_win.cc(665)] Failed to read DnsConfig.
[0826/193517:WARNING:dns_config_service_win.cc(665)] Failed to read DnsConfig.
[0826/193517:WARNING:dns_config_service_win.cc(665)] Failed to read DnsConfig.
[0826/193517:WARNING:dns_config_service_win.cc(665)] Failed to read DnsConfig.
[0826/193517:WARNING:dns_config_service_win.cc(665)] Failed to read DnsConfig.
[0826/193522:WARNING:dns_config_service_win.cc(665)] Failed to read DnsConfig.
[0826/193522:WARNING:dns_config_service_win.cc(665)] Failed to read DnsConfig.
[0826/193522:WARNING:dns_config_service_win.cc(665)] Failed to read DnsConfig.
[0826/193522:WARNING:dns_config_service_win.cc(665)] Failed to read DnsConfig.
[0826/193522:WARNING:dns_config_service_win.cc(665)] Failed to read DnsConfig.
[0826/193522:WARNING:dns_config_service_win.cc(665)] Failed to read DnsConfig.
[0826/193527:WARNING:dns_config_service_win.cc(665)] Failed to read DnsConfig.
[0826/193527:WARNING:dns_config_service_win.cc(665)] Failed to read DnsConfig.
[0826/193527:WARNING:dns_config_service_win.cc(665)] Failed to read DnsConfig.
[0826/193527:WARNING:dns_config_service_win.cc(665)] Failed to read DnsConfig.
[0826/193527:WARNING:dns_config_service_win.cc(665)] Failed to read DnsConfig.
[0826/193527:WARNING:dns_config_service_win.cc(665)] Failed to read DnsConfig.
[0826/193532:WARNING:dns_config_service_win.cc(665)] Failed to read DnsConfig.
[0826/193532:WARNING:dns_config_service_win.cc(665)] Failed to read DnsConfig.
[0826/193532:WARNING:dns_config_service_win.cc(665)] Failed to read DnsConfig.
[0826/193532:WARNING:dns_config_service_win.cc(665)] Failed to read DnsConfig.
[0826/193532:WARNING:dns_config_service_win.cc(665)] Failed to read DnsConfig.
[0826/193532:WARNING:dns_config_service_win.cc(665)] Failed to read DnsConfig.
[0826/193537:WARNING:dns_config_service_win.cc(665)] Failed to read DnsConfig.
[0826/193537:WARNING:dns_config_service_win.cc(665)] Failed to read DnsConfig.
[0826/193537:WARNING:dns_config_service_win.cc(665)] Failed to read DnsConfig.
[0826/193537:WARNING:dns_config_service_win.cc(665)] Failed to read DnsConfig.
[0826/193537:WARNING:dns_config_service_win.cc(665)] Failed to read DnsConfig.
[0826/193537:WARNING:dns_config_service_win.cc(665)] Failed to read DnsConfig.
[0826/193542:WARNING:dns_config_service_win.cc(665)] Failed to read DnsConfig.
[0826/193542:WARNING:dns_config_service_win.cc(665)] Failed to read DnsConfig.
[0826/193542:WARNING:dns_config_service_win.cc(665)] Failed to read DnsConfig.
[0826/193542:WARNING:dns_config_service_win.cc(665)] Failed to read DnsConfig.
[0826/193542:WARNING:dns_config_service_win.cc(665)] Failed to read DnsConfig.
[0826/193542:WARNING:dns_config_service_win.cc(665)] Failed to read DnsConfig.
[0826/193547:WARNING:dns_config_service_win.cc(665)] Failed to read DnsConfig.
[0826/193547:WARNING:dns_config_service_win.cc(665)] Failed to read DnsConfig.
[0826/193547:WARNING:dns_config_service_win.cc(665)] Failed to read DnsConfig.
[0826/193547:WARNING:dns_config_service_win.cc(665)] Failed to read DnsConfig.
[0826/193547:WARNING:dns_config_service_win.cc(665)] Failed to read DnsConfig.
[0826/193547:WARNING:dns_config_service_win.cc(665)] Failed to read DnsConfig.
[0826/193552:WARNING:dns_config_service_win.cc(665)] Failed to read DnsConfig.
[0826/193552:WARNING:dns_config_service_win.cc(665)] Failed to read DnsConfig.
[0826/193552:WARNING:dns_config_service_win.cc(665)] Failed to read DnsConfig.
[0826/193552:WARNING:dns_config_service_win.cc(665)] Failed to read DnsConfig.
[0826/193552:WARNING:dns_config_service_win.cc(665)] Failed to read DnsConfig.
[0826/193552:WARNING:dns_config_service_win.cc(665)] Failed to read DnsConfig.
[0826/193557:WARNING:dns_config_service_win.cc(665)] Failed to read DnsConfig.
[0826/193557:WARNING:dns_config_service_win.cc(665)] Failed to read DnsConfig.
[0826/193557:WARNING:dns_config_service_win.cc(665)] Failed to read DnsConfig.
[0826/193557:WARNING:dns_config_service_win.cc(665)] Failed to read DnsConfig.
[0826/193557:WARNING:dns_config_service_win.cc(665)] Failed to read DnsConfig.
[0826/193557:WARNING:dns_config_service_win.cc(665)] Failed to read DnsConfig.
[0826/193602:WARNING:dns_config_service_win.cc(665)] Failed to read DnsConfig.
[0826/193602:WARNING:dns_config_service_win.cc(665)] Failed to read DnsConfig.
[0826/193602:WARNING:dns_config_service_win.cc(665)] Failed to read DnsConfig.
[0826/193602:WARNING:dns_config_service_win.cc(665)] Failed to read DnsConfig.
[0826/193602:WARNING:dns_config_service_win.cc(665)] Failed to read DnsConfig.
[0826/193602:WARNING:dns_config_service_win.cc(665)] Failed to read DnsConfig.
[0826/193607:WARNING:dns_config_service_win.cc(665)] Failed to read DnsConfig.
[0826/193607:WARNING:dns_config_service_win.cc(665)] Failed to read DnsConfig.
[0826/193607:WARNING:dns_config_service_win.cc(665)] Failed to read DnsConfig.
[0826/193607:WARNING:dns_config_service_win.cc(665)] Failed to read DnsConfig.
[0826/193607:WARNING:dns_config_service_win.cc(665)] Failed to read DnsConfig.
[0826/193607:WARNING:dns_config_service_win.cc(665)] Failed to read DnsConfig.
[0826/193612:WARNING:dns_config_service_win.cc(665)] Failed to read DnsConfig.
[0826/193612:WARNING:dns_config_service_win.cc(665)] Failed to read DnsConfig.
[0826/193612:WARNING:dns_config_service_win.cc(665)] Failed to read DnsConfig.
[0826/193612:WARNING:dns_config_service_win.cc(665)] Failed to read DnsConfig.
[0826/193612:WARNING:dns_config_service_win.cc(665)] Failed to read DnsConfig.
[0826/193612:WARNING:dns_config_service_win.cc(665)] Failed to read DnsConfig.
[0826/193617:WARNING:dns_config_service_win.cc(665)] Failed to read DnsConfig.
[0826/193617:WARNING:dns_config_service_win.cc(665)] Failed to read DnsConfig.
[0826/193617:WARNING:dns_config_service_win.cc(665)] Failed to read DnsConfig.
[0826/193617:WARNING:dns_config_service_win.cc(665)] Failed to read DnsConfig.
[0826/193617:WARNING:dns_config_service_win.cc(665)] Failed to read DnsConfig.
[0826/193617:WARNING:dns_config_service_win.cc(665)] Failed to read DnsConfig.
[0826/193622:WARNING:dns_config_service_win.cc(665)] Failed to read DnsConfig.
[0826/193622:WARNING:dns_config_service_win.cc(665)] Failed to read DnsConfig.
[0826/193622:WARNING:dns_config_service_win.cc(665)] Failed to read DnsConfig.
[0826/193622:WARNING:dns_config_service_win.cc(665)] Failed to read DnsConfig.
[0826/193622:WARNING:dns_config_service_win.cc(665)] Failed to read DnsConfig.
[0826/193622:WARNING:dns_config_service_win.cc(665)] Failed to read DnsConfig.
[0826/193627:WARNING:dns_config_service_win.cc(665)] Failed to read DnsConfig.
[0826/193627:WARNING:dns_config_service_win.cc(665)] Failed to read DnsConfig.
[0826/193627:WARNING:dns_config_service_win.cc(665)] Failed to read DnsConfig.
[0826/193627:WARNING:dns_config_service_win.cc(665)] Failed to read DnsConfig.
[0826/193627:WARNING:dns_config_service_win.cc(665)] Failed to read DnsConfig.
[0826/193627:WARNING:dns_config_service_win.cc(665)] Failed to read DnsConfig.
[0826/193632:WARNING:dns_config_service_win.cc(665)] Failed to read DnsConfig.
[0826/193632:WARNING:dns_config_service_win.cc(665)] Failed to read DnsConfig.
[0826/193632:WARNING:dns_config_service_win.cc(665)] Failed to read DnsConfig.
[0826/193632:WARNING:dns_config_service_win.cc(665)] Failed to read DnsConfig.
[0826/193632:WARNING:dns_config_service_win.cc(665)] Failed to read DnsConfig.
[0826/193632:WARNING:dns_config_service_win.cc(665)] Failed to read DnsConfig.
[0826/193637:WARNING:dns_config_service_win.cc(665)] Failed to read DnsConfig.
[0826/193637:WARNING:dns_config_service_win.cc(665)] Failed to read DnsConfig.
[0826/193637:WARNING:dns_config_service_win.cc(665)] Failed to read DnsConfig.
[0826/193637:WARNING:dns_config_service_win.cc(665)] Failed to read DnsConfig.
[0826/193637:WARNING:dns_config_service_win.cc(665)] Failed to read DnsConfig.
[0826/193637:WARNING:dns_config_service_win.cc(665)] Failed to read DnsConfig.
[0826/193642:WARNING:dns_config_service_win.cc(665)] Failed to read DnsConfig.
[0826/193642:WARNING:dns_config_service_win.cc(665)] Failed to read DnsConfig.
[0826/193642:WARNING:dns_config_service_win.cc(665)] Failed to read DnsConfig.
[0826/193642:WARNING:dns_config_service_win.cc(665)] Failed to read DnsConfig.
[0826/193642:WARNING:dns_config_service_win.cc(665)] Failed to read DnsConfig.
[0826/193642:WARNING:dns_config_service_win.cc(665)] Failed to read DnsConfig.
[0826/193647:WARNING:dns_config_service_win.cc(665)] Failed to read DnsConfig.
[0826/193647:WARNING:dns_config_service_win.cc(665)] Failed to read DnsConfig.
[0826/193647:WARNING:dns_config_service_win.cc(665)] Failed to read DnsConfig.
[0826/193647:WARNING:dns_config_service_win.cc(665)] Failed to read DnsConfig.
[0826/193647:WARNING:dns_config_service_win.cc(665)] Failed to read DnsConfig.
[0826/193647:WARNING:dns_config_service_win.cc(665)] Failed to read DnsConfig.
[0826/193652:WARNING:dns_config_service_win.cc(665)] Failed to read DnsConfig.
[0826/193652:WARNING:dns_config_service_win.cc(665)] Failed to read DnsConfig.
[0826/193652:WARNING:dns_config_service_win.cc(665)] Failed to read DnsConfig.
[0826/193652:WARNING:dns_config_service_win.cc(665)] Failed to read DnsConfig.
[0826/193652:WARNING:dns_config_service_win.cc(665)] Failed to read DnsConfig.
[0826/193652:WARNING:dns_config_service_win.cc(665)] Failed to read DnsConfig.
[0826/193657:WARNING:dns_config_service_win.cc(665)] Failed to read DnsConfig.
[0826/193657:WARNING:dns_config_service_win.cc(665)] Failed to read DnsConfig.
[0826/193657:WARNING:dns_config_service_win.cc(665)] Failed to read DnsConfig.
[0826/193657:WARNING:dns_config_service_win.cc(665)] Failed to read DnsConfig.
[0826/193657:WARNING:dns_config_service_win.cc(665)] Failed to read DnsConfig.
[0826/193657:WARNING:dns_config_service_win.cc(665)] Failed to read DnsConfig.
[0826/193702:WARNING:dns_config_service_win.cc(665)] Failed to read DnsConfig.
[0826/193702:WARNING:dns_config_service_win.cc(665)] Failed to read DnsConfig.
[0826/193702:WARNING:dns_config_service_win.cc(665)] Failed to read DnsConfig.
[0826/193702:WARNING:dns_config_service_win.cc(665)] Failed to read DnsConfig.
[0826/193702:WARNING:dns_config_service_win.cc(665)] Failed to read DnsConfig.
[0826/193702:WARNING:dns_config_service_win.cc(665)] Failed to read DnsConfig.
[0826/193707:WARNING:dns_config_service_win.cc(665)] Failed to read DnsConfig.
[0826/193707:WARNING:dns_config_service_win.cc(665)] Failed to read DnsConfig.
[0826/193707:WARNING:dns_config_service_win.cc(665)] Failed to read DnsConfig.
[0826/193707:WARNING:dns_config_service_win.cc(665)] Failed to read DnsConfig.
[0826/193707:WARNING:dns_config_service_win.cc(665)] Failed to read DnsConfig.
[0826/193707:WARNING:dns_config_service_win.cc(665)] Failed to read DnsConfig.
[0826/193712:WARNING:dns_config_service_win.cc(665)] Failed to read DnsConfig.
[0826/193712:WARNING:dns_config_service_win.cc(665)] Failed to read DnsConfig.
[0826/193712:WARNING:dns_config_service_win.cc(665)] Failed to read DnsConfig.
[0826/193712:WARNING:dns_config_service_win.cc(665)] Failed to read DnsConfig.
[0826/193712:WARNING:dns_config_service_win.cc(665)] Failed to read DnsConfig.
[0826/193712:WARNING:dns_config_service_win.cc(665)] Failed to read DnsConfig.
[0826/193717:WARNING:dns_config_service_win.cc(665)] Failed to read DnsConfig.
[0826/193717:WARNING:dns_config_service_win.cc(665)] Failed to read DnsConfig.
[0826/193717:WARNING:dns_config_service_win.cc(665)] Failed to read DnsConfig.
[0826/193717:WARNING:dns_config_service_win.cc(665)] Failed to read DnsConfig.
[0826/193717:WARNING:dns_config_service_win.cc(665)] Failed to read DnsConfig.
[0826/193717:WARNING:dns_config_service_win.cc(665)] Failed to read DnsConfig.
[0826/193722:WARNING:dns_config_service_win.cc(665)] Failed to read DnsConfig.
[0826/193722:WARNING:dns_config_service_win.cc(665)] Failed to read DnsConfig.
[0826/193722:WARNING:dns_config_service_win.cc(665)] Failed to read DnsConfig.
[0826/193722:WARNING:dns_config_service_win.cc(665)] Failed to read DnsConfig.
[0826/193722:WARNING:dns_config_service_win.cc(665)] Failed to read DnsConfig.
[0826/193722:WARNING:dns_config_service_win.cc(665)] Failed to read DnsConfig.
[0826/193727:WARNING:dns_config_service_win.cc(665)] Failed to read DnsConfig.
[0826/193727:WARNING:dns_config_service_win.cc(665)] Failed to read DnsConfig.
[0826/193727:WARNING:dns_config_service_win.cc(665)] Failed to read DnsConfig.
[0826/193727:WARNING:dns_config_service_win.cc(665)] Failed to read DnsConfig.
[0826/193727:WARNING:dns_config_service_win.cc(665)] Failed to read DnsConfig.
[0826/193727:WARNING:dns_config_service_win.cc(665)] Failed to read DnsConfig.
[0826/193732:WARNING:dns_config_service_win.cc(665)] Failed to read DnsConfig.
[0826/193732:WARNING:dns_config_service_win.cc(665)] Failed to read DnsConfig.
[0826/193732:WARNING:dns_config_service_win.cc(665)] Failed to read DnsConfig.
[0826/193732:WARNING:dns_config_service_win.cc(665)] Failed to read DnsConfig.
[0826/193732:WARNING:dns_config_service_win.cc(665)] Failed to read DnsConfig.
[0826/193732:WARNING:dns_config_service_win.cc(665)] Failed to read DnsConfig.
[0826/193737:WARNING:dns_config_service_win.cc(665)] Failed to read DnsConfig.
[0826/193737:WARNING:dns_config_service_win.cc(665)] Failed to read DnsConfig.
[0826/193737:WARNING:dns_config_service_win.cc(665)] Failed to read DnsConfig.
[0826/193737:WARNING:dns_config_service_win.cc(665)] Failed to read DnsConfig.
[0826/193737:WARNING:dns_config_service_win.cc(665)] Failed to read DnsConfig.
[0826/193737:WARNING:dns_config_service_win.cc(665)] Failed to read DnsConfig.
[0826/193742:WARNING:dns_config_service_win.cc(665)] Failed to read DnsConfig.
[0826/193742:WARNING:dns_config_service_win.cc(665)] Failed to read DnsConfig.
[0826/193742:WARNING:dns_config_service_win.cc(665)] Failed to read DnsConfig.
[0826/193742:WARNING:dns_config_service_win.cc(665)] Failed to read DnsConfig.
[0826/193742:WARNING:dns_config_service_win.cc(665)] Failed to read DnsConfig.
[0826/193742:WARNING:dns_config_service_win.cc(665)] Failed to read DnsConfig.
[0826/193747:WARNING:dns_config_service_win.cc(665)] Failed to read DnsConfig.
[0826/193747:WARNING:dns_config_service_win.cc(665)] Failed to read DnsConfig.
[0826/193747:WARNING:dns_config_service_win.cc(665)] Failed to read DnsConfig.
[0826/193747:WARNING:dns_config_service_win.cc(665)] Failed to read DnsConfig.
[0826/193747:WARNING:dns_config_service_win.cc(665)] Failed to read DnsConfig.
[0826/193747:WARNING:dns_config_service_win.cc(665)] Failed to read DnsConfig.
[0826/193752:WARNING:dns_config_service_win.cc(665)] Failed to read DnsConfig.
[0826/193752:WARNING:dns_config_service_win.cc(665)] Failed to read DnsConfig.
[0826/193752:WARNING:dns_config_service_win.cc(665)] Failed to read DnsConfig.
[0826/193752:WARNING:dns_config_service_win.cc(665)] Failed to read DnsConfig.
[0826/193752:WARNING:dns_config_service_win.cc(665)] Failed to read DnsConfig.
[0826/193752:WARNING:dns_config_service_win.cc(665)] Failed to read DnsConfig.
[0826/193757:WARNING:dns_config_service_win.cc(665)] Failed to read DnsConfig.
[0826/193757:WARNING:dns_config_service_win.cc(665)] Failed to read DnsConfig.
[0826/193757:WARNING:dns_config_service_win.cc(665)] Failed to read DnsConfig.
[0826/193757:WARNING:dns_config_service_win.cc(665)] Failed to read DnsConfig.
[0826/193757:WARNING:dns_config_service_win.cc(665)] Failed to read DnsConfig.
[0826/193757:WARNING:dns_config_service_win.cc(665)] Failed to read DnsConfig.
[0826/193802:WARNING:dns_config_service_win.cc(665)] Failed to read DnsConfig.
[0826/193802:WARNING:dns_config_service_win.cc(665)] Failed to read DnsConfig.
[0826/193802:WARNING:dns_config_service_win.cc(665)] Failed to read DnsConfig.
[0826/193802:WARNING:dns_config_service_win.cc(665)] Failed to read DnsConfig.
[0826/193802:WARNING:dns_config_service_win.cc(665)] Failed to read DnsConfig.
[0826/193802:WARNING:dns_config_service_win.cc(665)] Failed to read DnsConfig.
[0826/193807:WARNING:dns_config_service_win.cc(665)] Failed to read DnsConfig.
[0826/193807:WARNING:dns_config_service_win.cc(665)] Failed to read DnsConfig.
[0826/193807:WARNING:dns_config_service_win.cc(665)] Failed to read DnsConfig.
[0826/193807:WARNING:dns_config_service_win.cc(665)] Failed to read DnsConfig.
[0826/193807:WARNING:dns_config_service_win.cc(665)] Failed to read DnsConfig.
[0826/193807:WARNING:dns_config_service_win.cc(665)] Failed to read DnsConfig.
[0826/193812:WARNING:dns_config_service_win.cc(665)] Failed to read DnsConfig.
[0826/193812:WARNING:dns_config_service_win.cc(665)] Failed to read DnsConfig.
[0826/193812:WARNING:dns_config_service_win.cc(665)] Failed to read DnsConfig.
[0826/193812:WARNING:dns_config_service_win.cc(665)] Failed to read DnsConfig.
[0826/193812:WARNING:dns_config_service_win.cc(665)] Failed to read DnsConfig.
[0826/193812:WARNING:dns_config_service_win.cc(665)] Failed to read DnsConfig.
[0826/193817:WARNING:dns_config_service_win.cc(665)] Failed to read DnsConfig.
[0826/193817:WARNING:dns_config_service_win.cc(665)] Failed to read DnsConfig.
[0826/193817:WARNING:dns_config_service_win.cc(665)] Failed to read DnsConfig.
[0826/193817:WARNING:dns_config_service_win.cc(665)] Failed to read DnsConfig.
[0826/193817:WARNING:dns_config_service_win.cc(665)] Failed to read DnsConfig.
[0826/193817:WARNING:dns_config_service_win.cc(665)] Failed to read DnsConfig.
[0826/193822:WARNING:dns_config_service_win.cc(665)] Failed to read DnsConfig.
[0826/193822:WARNING:dns_config_service_win.cc(665)] Failed to read DnsConfig.
[0826/193822:WARNING:dns_config_service_win.cc(665)] Failed to read DnsConfig.
[0826/193822:WARNING:dns_config_service_win.cc(665)] Failed to read DnsConfig.
[0826/193822:WARNING:dns_config_service_win.cc(665)] Failed to read DnsConfig.
[0826/193822:WARNING:dns_config_service_win.cc(665)] Failed to read DnsConfig.
[0826/193827:WARNING:dns_config_service_win.cc(665)] Failed to read DnsConfig.
[0826/193827:WARNING:dns_config_service_win.cc(665)] Failed to read DnsConfig.
[0826/193827:WARNING:dns_config_service_win.cc(665)] Failed to read DnsConfig.
[0826/193827:WARNING:dns_config_service_win.cc(665)] Failed to read DnsConfig.
[0826/193827:WARNING:dns_config_service_win.cc(665)] Failed to read DnsConfig.
[0826/193827:WARNING:dns_config_service_win.cc(665)] Failed to read DnsConfig.
[0826/193832:WARNING:dns_config_service_win.cc(665)] Failed to read DnsConfig.
[0826/193832:WARNING:dns_config_service_win.cc(665)] Failed to read DnsConfig.
[0826/193832:WARNING:dns_config_service_win.cc(665)] Failed to read DnsConfig.
[0826/193832:WARNING:dns_config_service_win.cc(665)] Failed to read DnsConfig.
[0826/193832:WARNING:dns_config_service_win.cc(665)] Failed to read DnsConfig.
[0826/193832:WARNING:dns_config_service_win.cc(665)] Failed to read DnsConfig.
[0826/193837:WARNING:dns_config_service_win.cc(665)] Failed to read DnsConfig.
[0826/193837:WARNING:dns_config_service_win.cc(665)] Failed to read DnsConfig.
[0826/193837:WARNING:dns_config_service_win.cc(665)] Failed to read DnsConfig.
[0826/193837:WARNING:dns_config_service_win.cc(665)] Failed to read DnsConfig.
[0826/193837:WARNING:dns_config_service_win.cc(665)] Failed to read DnsConfig.
[0826/193837:WARNING:dns_config_service_win.cc(665)] Failed to read DnsConfig.
[0826/193842:WARNING:dns_config_service_win.cc(665)] Failed to read DnsConfig.
[0826/193842:WARNING:dns_config_service_win.cc(665)] Failed to read DnsConfig.
[0826/193842:WARNING:dns_config_service_win.cc(665)] Failed to read DnsConfig.
[0826/193842:WARNING:dns_config_service_win.cc(665)] Failed to read DnsConfig.
[0826/193842:WARNING:dns_config_service_win.cc(665)] Failed to read DnsConfig.
[0826/193842:WARNING:dns_config_service_win.cc(665)] Failed to read DnsConfig.
[0826/193847:WARNING:dns_config_service_win.cc(665)] Failed to read DnsConfig.
[0826/193847:WARNING:dns_config_service_win.cc(665)] Failed to read DnsConfig.
[0826/193847:WARNING:dns_config_service_win.cc(665)] Failed to read DnsConfig.
[0826/193847:WARNING:dns_config_service_win.cc(665)] Failed to read DnsConfig.
[0826/193847:WARNING:dns_config_service_win.cc(665)] Failed to read DnsConfig.
[0826/193847:WARNING:dns_config_service_win.cc(665)] Failed to read DnsConfig.
[0826/193852:WARNING:dns_config_service_win.cc(665)] Failed to read DnsConfig.
[0826/193852:WARNING:dns_config_service_win.cc(665)] Failed to read DnsConfig.
[0826/193852:WARNING:dns_config_service_win.cc(665)] Failed to read DnsConfig.
[0826/193852:WARNING:dns_config_service_win.cc(665)] Failed to read DnsConfig.
[0826/193852:WARNING:dns_config_service_win.cc(665)] Failed to read DnsConfig.
[0826/193852:WARNING:dns_config_service_win.cc(665)] Failed to read DnsConfig.
[0826/193857:WARNING:dns_config_service_win.cc(665)] Failed to read DnsConfig.
[0826/193857:WARNING:dns_config_service_win.cc(665)] Failed to read DnsConfig.
[0826/193857:WARNING:dns_config_service_win.cc(665)] Failed to read DnsConfig.
[0826/193857:WARNING:dns_config_service_win.cc(665)] Failed to read DnsConfig.
[0826/193857:WARNING:dns_config_service_win.cc(665)] Failed to read DnsConfig.
[0826/193857:WARNING:dns_config_service_win.cc(665)] Failed to read DnsConfig.
[0826/193902:WARNING:dns_config_service_win.cc(665)] Failed to read DnsConfig.
[0826/193902:WARNING:dns_config_service_win.cc(665)] Failed to read DnsConfig.
[0826/193902:WARNING:dns_config_service_win.cc(665)] Failed to read DnsConfig.
[0826/193902:WARNING:dns_config_service_win.cc(665)] Failed to read DnsConfig.
[0826/193902:WARNING:dns_config_service_win.cc(665)] Failed to read DnsConfig.
[0826/193902:WARNING:dns_config_service_win.cc(665)] Failed to read DnsConfig.
[0826/193907:WARNING:dns_config_service_win.cc(665)] Failed to read DnsConfig.
[0826/193907:WARNING:dns_config_service_win.cc(665)] Failed to read DnsConfig.
[0826/193907:WARNING:dns_config_service_win.cc(665)] Failed to read DnsConfig.
[0826/193907:WARNING:dns_config_service_win.cc(665)] Failed to read DnsConfig.
[0826/193907:WARNING:dns_config_service_win.cc(665)] Failed to read DnsConfig.
[0826/193907:WARNING:dns_config_service_win.cc(665)] Failed to read DnsConfig.
[0826/193912:WARNING:dns_config_service_win.cc(665)] Failed to read DnsConfig.
[0826/193912:WARNING:dns_config_service_win.cc(665)] Failed to read DnsConfig.
[0826/193912:WARNING:dns_config_service_win.cc(665)] Failed to read DnsConfig.
[0826/193912:WARNING:dns_config_service_win.cc(665)] Failed to read DnsConfig.
[0826/193912:WARNING:dns_config_service_win.cc(665)] Failed to read DnsConfig.
[0826/193912:WARNING:dns_config_service_win.cc(665)] Failed to read DnsConfig.
[0826/193917:WARNING:dns_config_service_win.cc(665)] Failed to read DnsConfig.
[0826/193917:WARNING:dns_config_service_win.cc(665)] Failed to read DnsConfig.
[0826/193917:WARNING:dns_config_service_win.cc(665)] Failed to read DnsConfig.
[0826/193917:WARNING:dns_config_service_win.cc(665)] Failed to read DnsConfig.
[0826/193917:WARNING:dns_config_service_win.cc(665)] Failed to read DnsConfig.
[0826/193917:WARNING:dns_config_service_win.cc(665)] Failed to read DnsConfig.
[0826/193922:WARNING:dns_config_service_win.cc(665)] Failed to read DnsConfig.
[0826/193922:WARNING:dns_config_service_win.cc(665)] Failed to read DnsConfig.
[0826/193922:WARNING:dns_config_service_win.cc(665)] Failed to read DnsConfig.
[0826/193922:WARNING:dns_config_service_win.cc(665)] Failed to read DnsConfig.
[0826/193922:WARNING:dns_config_service_win.cc(665)] Failed to read DnsConfig.
[0826/193922:WARNING:dns_config_service_win.cc(665)] Failed to read DnsConfig.
[0826/193927:WARNING:dns_config_service_win.cc(665)] Failed to read DnsConfig.
[0826/193927:WARNING:dns_config_service_win.cc(665)] Failed to read DnsConfig.
[0826/193927:WARNING:dns_config_service_win.cc(665)] Failed to read DnsConfig.
[0826/193927:WARNING:dns_config_service_win.cc(665)] Failed to read DnsConfig.
[0826/193927:WARNING:dns_config_service_win.cc(665)] Failed to read DnsConfig.
[0826/193927:WARNING:dns_config_service_win.cc(665)] Failed to read DnsConfig.
[0826/193932:WARNING:dns_config_service_win.cc(665)] Failed to read DnsConfig.
[0826/193932:WARNING:dns_config_service_win.cc(665)] Failed to read DnsConfig.
[0826/193932:WARNING:dns_config_service_win.cc(665)] Failed to read DnsConfig.
[0826/193932:WARNING:dns_config_service_win.cc(665)] Failed to read DnsConfig.
[0826/193932:WARNING:dns_config_service_win.cc(665)] Failed to read DnsConfig.
[0826/193932:WARNING:dns_config_service_win.cc(665)] Failed to read DnsConfig.
[0826/193937:WARNING:dns_config_service_win.cc(665)] Failed to read DnsConfig.
[0826/193937:WARNING:dns_config_service_win.cc(665)] Failed to read DnsConfig.
[0826/193937:WARNING:dns_config_service_win.cc(665)] Failed to read DnsConfig.
[0826/193937:WARNING:dns_config_service_win.cc(665)] Failed to read DnsConfig.
[0826/193937:WARNING:dns_config_service_win.cc(665)] Failed to read DnsConfig.
[0826/193937:WARNING:dns_config_service_win.cc(665)] Failed to read DnsConfig.
[0826/193942:WARNING:dns_config_service_win.cc(665)] Failed to read DnsConfig.
[0826/193942:WARNING:dns_config_service_win.cc(665)] Failed to read DnsConfig.
[0826/193942:WARNING:dns_config_service_win.cc(665)] Failed to read DnsConfig.
[0826/193942:WARNING:dns_config_service_win.cc(665)] Failed to read DnsConfig.
[0826/193942:WARNING:dns_config_service_win.cc(665)] Failed to read DnsConfig.
[0826/193942:WARNING:dns_config_service_win.cc(665)] Failed to read DnsConfig.
[0826/193947:WARNING:dns_config_service_win.cc(665)] Failed to read DnsConfig.
[0826/193947:WARNING:dns_config_service_win.cc(665)] Failed to read DnsConfig.
[0826/193947:WARNING:dns_config_service_win.cc(665)] Failed to read DnsConfig.
[0826/193947:WARNING:dns_config_service_win.cc(665)] Failed to read DnsConfig.
[0826/193947:WARNING:dns_config_service_win.cc(665)] Failed to read DnsConfig.
[0826/193947:WARNING:dns_config_service_win.cc(665)] Failed to read DnsConfig.
[0826/193952:WARNING:dns_config_service_win.cc(665)] Failed to read DnsConfig.
[0826/193952:WARNING:dns_config_service_win.cc(665)] Failed to read DnsConfig.
[0826/193952:WARNING:dns_config_service_win.cc(665)] Failed to read DnsConfig.
[0826/193952:WARNING:dns_config_service_win.cc(665)] Failed to read DnsConfig.
[0826/193952:WARNING:dns_config_service_win.cc(665)] Failed to read DnsConfig.
[0826/193952:WARNING:dns_config_service_win.cc(665)] Failed to read DnsConfig.
[0826/193957:WARNING:dns_config_service_win.cc(665)] Failed to read DnsConfig.
[0826/193957:WARNING:dns_config_service_win.cc(665)] Failed to read DnsConfig.
[0826/193957:WARNING:dns_config_service_win.cc(665)] Failed to read DnsConfig.
[0826/193957:WARNING:dns_config_service_win.cc(665)] Failed to read DnsConfig.
[0826/193957:WARNING:dns_config_service_win.cc(665)] Failed to read DnsConfig.
[0826/193957:WARNING:dns_config_service_win.cc(665)] Failed to read DnsConfig.
[0826/194002:WARNING:dns_config_service_win.cc(665)] Failed to read DnsConfig.
[0826/194002:WARNING:dns_config_service_win.cc(665)] Failed to read DnsConfig.
[0826/194002:WARNING:dns_config_service_win.cc(665)] Failed to read DnsConfig.
[0826/194002:WARNING:dns_config_service_win.cc(665)] Failed to read DnsConfig.
[0826/194002:WARNING:dns_config_service_win.cc(665)] Failed to read DnsConfig.
[0826/194007:WARNING:dns_config_service_win.cc(665)] Failed to read DnsConfig.
[0826/194007:WARNING:dns_config_service_win.cc(665)] Failed to read DnsConfig.
[0826/194007:WARNING:dns_config_service_win.cc(665)] Failed to read DnsConfig.
[0826/194007:WARNING:dns_config_service_win.cc(665)] Failed to read DnsConfig.
[0826/194007:WARNING:dns_config_service_win.cc(665)] Failed to read DnsConfig.
[0826/194012:WARNING:dns_config_service_win.cc(665)] Failed to read DnsConfig.
[0826/194012:WARNING:dns_config_service_win.cc(665)] Failed to read DnsConfig.
[0826/194012:WARNING:dns_config_service_win.cc(665)] Failed to read DnsConfig.
[0826/194012:WARNING:dns_config_service_win.cc(665)] Failed to read DnsConfig.
[0826/194012:WARNING:dns_config_service_win.cc(665)] Failed to read DnsConfig.
[0826/194017:WARNING:dns_config_service_win.cc(665)] Failed to read DnsConfig.
[0826/194017:WARNING:dns_config_service_win.cc(665)] Failed to read DnsConfig.
[0826/194017:WARNING:dns_config_service_win.cc(665)] Failed to read DnsConfig.
[0826/194017:WARNING:dns_config_service_win.cc(665)] Failed to read DnsConfig.
[0826/194017:WARNING:dns_config_service_win.cc(665)] Failed to read DnsConfig.
[0826/194022:WARNING:dns_config_service_win.cc(665)] Failed to read DnsConfig.
[0826/194022:WARNING:dns_config_service_win.cc(665)] Failed to read DnsConfig.
[0826/194022:WARNING:dns_config_service_win.cc(665)] Failed to read DnsConfig.
[0826/194022:WARNING:dns_config_service_win.cc(665)] Failed to read DnsConfig.
[0826/194022:WARNING:dns_config_service_win.cc(665)] Failed to read DnsConfig.
[0826/194027:WARNING:dns_config_service_win.cc(665)] Failed to read DnsConfig.
[0826/194027:WARNING:dns_config_service_win.cc(665)] Failed to read DnsConfig.
[0826/194027:WARNING:dns_config_service_win.cc(665)] Failed to read DnsConfig.
[0826/194027:WARNING:dns_config_service_win.cc(665)] Failed to read DnsConfig.
[0826/194027:WARNING:dns_config_service_win.cc(665)] Failed to read DnsConfig.
[0826/194032:WARNING:dns_config_service_win.cc(665)] Failed to read DnsConfig.
[0826/194032:WARNING:dns_config_service_win.cc(665)] Failed to read DnsConfig.
[0826/194032:WARNING:dns_config_service_win.cc(665)] Failed to read DnsConfig.
[0826/194032:WARNING:dns_config_service_win.cc(665)] Failed to read DnsConfig.
[0826/194032:WARNING:dns_config_service_win.cc(665)] Failed to read DnsConfig.
[0826/194037:WARNING:dns_config_service_win.cc(665)] Failed to read DnsConfig.
[0826/194037:WARNING:dns_config_service_win.cc(665)] Failed to read DnsConfig.
[0826/194037:WARNING:dns_config_service_win.cc(665)] Failed to read DnsConfig.
[0826/194037:WARNING:dns_config_service_win.cc(665)] Failed to read DnsConfig.
[0826/194037:WARNING:dns_config_service_win.cc(665)] Failed to read DnsConfig.
[0826/194042:WARNING:dns_config_service_win.cc(665)] Failed to read DnsConfig.
[0826/194042:WARNING:dns_config_service_win.cc(665)] Failed to read DnsConfig.
[0826/194042:WARNING:dns_config_service_win.cc(665)] Failed to read DnsConfig.
[0826/194042:WARNING:dns_config_service_win.cc(665)] Failed to read DnsConfig.
[0826/194042:WARNING:dns_config_service_win.cc(665)] Failed to read DnsConfig.
[0826/194047:WARNING:dns_config_service_win.cc(665)] Failed to read DnsConfig.
[0826/194047:WARNING:dns_config_service_win.cc(665)] Failed to read DnsConfig.
[0826/194047:WARNING:dns_config_service_win.cc(665)] Failed to read DnsConfig.
[0826/194047:WARNING:dns_config_service_win.cc(665)] Failed to read DnsConfig.
[0826/194047:WARNING:dns_config_service_win.cc(665)] Failed to read DnsConfig.
[0826/194052:WARNING:dns_config_service_win.cc(665)] Failed to read DnsConfig.
[0826/194052:WARNING:dns_config_service_win.cc(665)] Failed to read DnsConfig.
[0826/194052:WARNING:dns_config_service_win.cc(665)] Failed to read DnsConfig.
[0826/194052:WARNING:dns_config_service_win.cc(665)] Failed to read DnsConfig.
[0826/194052:WARNING:dns_config_service_win.cc(665)] Failed to read DnsConfig.
[0826/194057:WARNING:dns_config_service_win.cc(665)] Failed to read DnsConfig.
[0826/194057:WARNING:dns_config_service_win.cc(665)] Failed to read DnsConfig.
[0826/194057:WARNING:dns_config_service_win.cc(665)] Failed to read DnsConfig.
[0826/194057:WARNING:dns_config_service_win.cc(665)] Failed to read DnsConfig.
[0826/194057:WARNING:dns_config_service_win.cc(665)] Failed to read DnsConfig.
[0826/194102:WARNING:dns_config_service_win.cc(665)] Failed to read DnsConfig.
[0826/194102:WARNING:dns_config_service_win.cc(665)] Failed to read DnsConfig.
[0826/194102:WARNING:dns_config_service_win.cc(665)] Failed to read DnsConfig.
[0826/194102:WARNING:dns_config_service_win.cc(665)] Failed to read DnsConfig.
[0826/194102:WARNING:dns_config_service_win.cc(665)] Failed to read DnsConfig.
[0826/194107:WARNING:dns_config_service_win.cc(665)] Failed to read DnsConfig.
[0826/194107:WARNING:dns_config_service_win.cc(665)] Failed to read DnsConfig.
[0826/194107:WARNING:dns_config_service_win.cc(665)] Failed to read DnsConfig.
[0826/194107:WARNING:dns_config_service_win.cc(665)] Failed to read DnsConfig.
[0826/194107:WARNING:dns_config_service_win.cc(665)] Failed to read DnsConfig.
[0826/194112:WARNING:dns_config_service_win.cc(665)] Failed to read DnsConfig.
[0826/194112:WARNING:dns_config_service_win.cc(665)] Failed to read DnsConfig.
[0826/194112:WARNING:dns_config_service_win.cc(665)] Failed to read DnsConfig.
[0826/194112:WARNING:dns_config_service_win.cc(665)] Failed to read DnsConfig.
[0826/194112:WARNING:dns_config_service_win.cc(665)] Failed to read DnsConfig.
[0826/194117:WARNING:dns_config_service_win.cc(665)] Failed to read DnsConfig.
[0826/194117:WARNING:dns_config_service_win.cc(665)] Failed to read DnsConfig.
[0826/194117:WARNING:dns_config_service_win.cc(665)] Failed to read DnsConfig.
[0826/194117:WARNING:dns_config_service_win.cc(665)] Failed to read DnsConfig.
[0826/194117:WARNING:dns_config_service_win.cc(665)] Failed to read DnsConfig.
[0826/194122:WARNING:dns_config_service_win.cc(665)] Failed to read DnsConfig.
[0826/194122:WARNING:dns_config_service_win.cc(665)] Failed to read DnsConfig.
[0826/194122:WARNING:dns_config_service_win.cc(665)] Failed to read DnsConfig.
[0826/194122:WARNING:dns_config_service_win.cc(665)] Failed to read DnsConfig.
[0826/194122:WARNING:dns_config_service_win.cc(665)] Failed to read DnsConfig.
[0826/194127:WARNING:dns_config_service_win.cc(665)] Failed to read DnsConfig.
[0826/194127:WARNING:dns_config_service_win.cc(665)] Failed to read DnsConfig.
[0826/194127:WARNING:dns_config_service_win.cc(665)] Failed to read DnsConfig.
[0826/194127:WARNING:dns_config_service_win.cc(665)] Failed to read DnsConfig.
[0826/194127:WARNING:dns_config_service_win.cc(665)] Failed to read DnsConfig.
[0826/194132:WARNING:dns_config_service_win.cc(665)] Failed to read DnsConfig.
[0826/194132:WARNING:dns_config_service_win.cc(665)] Failed to read DnsConfig.
[0826/194132:WARNING:dns_config_service_win.cc(665)] Failed to read DnsConfig.
[0826/194132:WARNING:dns_config_service_win.cc(665)] Failed to read DnsConfig.
[0826/194132:WARNING:dns_config_service_win.cc(665)] Failed to read DnsConfig.
[0826/194137:WARNING:dns_config_service_win.cc(665)] Failed to read DnsConfig.
[0826/194137:WARNING:dns_config_service_win.cc(665)] Failed to read DnsConfig.
[0826/194137:WARNING:dns_config_service_win.cc(665)] Failed to read DnsConfig.
[0826/194137:WARNING:dns_config_service_win.cc(665)] Failed to read DnsConfig.
[0826/194137:WARNING:dns_config_service_win.cc(665)] Failed to read DnsConfig.
[0826/194142:WARNING:dns_config_service_win.cc(665)] Failed to read DnsConfig.
[0826/194142:WARNING:dns_config_service_win.cc(665)] Failed to read DnsConfig.
[0826/194142:WARNING:dns_config_service_win.cc(665)] Failed to read DnsConfig.
[0826/194142:WARNING:dns_config_service_win.cc(665)] Failed to read DnsConfig.
[0826/194142:WARNING:dns_config_service_win.cc(665)] Failed to read DnsConfig.
[0826/194147:WARNING:dns_config_service_win.cc(665)] Failed to read DnsConfig.
[0826/194147:WARNING:dns_config_service_win.cc(665)] Failed to read DnsConfig.
[0826/194147:WARNING:dns_config_service_win.cc(665)] Failed to read DnsConfig.
[0826/194147:WARNING:dns_config_service_win.cc(665)] Failed to read DnsConfig.
[0826/194147:WARNING:dns_config_service_win.cc(665)] Failed to read DnsConfig.
[0826/194152:WARNING:dns_config_service_win.cc(665)] Failed to read DnsConfig.
[0826/194152:WARNING:dns_config_service_win.cc(665)] Failed to read DnsConfig.
[0826/194152:WARNING:dns_config_service_win.cc(665)] Failed to read DnsConfig.
[0826/194152:WARNING:dns_config_service_win.cc(665)] Failed to read DnsConfig.
[0826/194152:WARNING:dns_config_service_win.cc(665)] Failed to read DnsConfig.
[0826/194157:WARNING:dns_config_service_win.cc(665)] Failed to read DnsConfig.
[0826/194157:WARNING:dns_config_service_win.cc(665)] Failed to read DnsConfig.
[0826/194157:WARNING:dns_config_service_win.cc(665)] Failed to read DnsConfig.
[0826/194157:WARNING:dns_config_service_win.cc(665)] Failed to read DnsConfig.
[0826/194157:WARNING:dns_config_service_win.cc(665)] Failed to read DnsConfig.
[0826/194202:WARNING:dns_config_service_win.cc(665)] Failed to read DnsConfig.
[0826/194202:WARNING:dns_config_service_win.cc(665)] Failed to read DnsConfig.
[0826/194202:WARNING:dns_config_service_win.cc(665)] Failed to read DnsConfig.
[0826/194202:WARNING:dns_config_service_win.cc(665)] Failed to read DnsConfig.
[0826/194202:WARNING:dns_config_service_win.cc(665)] Failed to read DnsConfig.
[0826/194207:WARNING:dns_config_service_win.cc(665)] Failed to read DnsConfig.
[0826/194207:WARNING:dns_config_service_win.cc(665)] Failed to read DnsConfig.
[0826/194207:WARNING:dns_config_service_win.cc(665)] Failed to read DnsConfig.
[0826/194207:WARNING:dns_config_service_win.cc(665)] Failed to read DnsConfig.
[0826/194207:WARNING:dns_config_service_win.cc(665)] Failed to read DnsConfig.
[0826/194212:WARNING:dns_config_service_win.cc(665)] Failed to read DnsConfig.
[0826/194212:WARNING:dns_config_service_win.cc(665)] Failed to read DnsConfig.
[0826/194212:WARNING:dns_config_service_win.cc(665)] Failed to read DnsConfig.
[0826/194212:WARNING:dns_config_service_win.cc(665)] Failed to read DnsConfig.
[0826/194212:WARNING:dns_config_service_win.cc(665)] Failed to read DnsConfig.
[0826/194217:WARNING:dns_config_service_win.cc(665)] Failed to read DnsConfig.
[0826/194217:WARNING:dns_config_service_win.cc(665)] Failed to read DnsConfig.
[0826/194217:WARNING:dns_config_service_win.cc(665)] Failed to read DnsConfig.
[0826/194217:WARNING:dns_config_service_win.cc(665)] Failed to read DnsConfig.
[0826/194217:WARNING:dns_config_service_win.cc(665)] Failed to read DnsConfig.
[0826/194222:WARNING:dns_config_service_win.cc(665)] Failed to read DnsConfig.
[0826/194222:WARNING:dns_config_service_win.cc(665)] Failed to read DnsConfig.
[0826/194222:WARNING:dns_config_service_win.cc(665)] Failed to read DnsConfig.
[0826/194222:WARNING:dns_config_service_win.cc(665)] Failed to read DnsConfig.
[0826/194222:WARNING:dns_config_service_win.cc(665)] Failed to read DnsConfig.
[0826/194227:WARNING:dns_config_service_win.cc(665)] Failed to read DnsConfig.
[0826/194227:WARNING:dns_config_service_win.cc(665)] Failed to read DnsConfig.
[0826/194227:WARNING:dns_config_service_win.cc(665)] Failed to read DnsConfig.
[0826/194227:WARNING:dns_config_service_win.cc(665)] Failed to read DnsConfig.
[0826/194227:WARNING:dns_config_service_win.cc(665)] Failed to read DnsConfig.
[0826/194232:WARNING:dns_config_service_win.cc(665)] Failed to read DnsConfig.
[0826/194232:WARNING:dns_config_service_win.cc(665)] Failed to read DnsConfig.
[0826/194232:WARNING:dns_config_service_win.cc(665)] Failed to read DnsConfig.
[0826/194232:WARNING:dns_config_service_win.cc(665)] Failed to read DnsConfig.
[0826/194232:WARNING:dns_config_service_win.cc(665)] Failed to read DnsConfig.
[0826/194237:WARNING:dns_config_service_win.cc(665)] Failed to read DnsConfig.
[0826/194237:WARNING:dns_config_service_win.cc(665)] Failed to read DnsConfig.
[0826/194237:WARNING:dns_config_service_win.cc(665)] Failed to read DnsConfig.
[0826/194237:WARNING:dns_config_service_win.cc(665)] Failed to read DnsConfig.
[0826/194237:WARNING:dns_config_service_win.cc(665)] Failed to read DnsConfig.
[0826/194242:WARNING:dns_config_service_win.cc(665)] Failed to read DnsConfig.
[0826/194242:WARNING:dns_config_service_win.cc(665)] Failed to read DnsConfig.
[0826/194242:WARNING:dns_config_service_win.cc(665)] Failed to read DnsConfig.
[0826/194242:WARNING:dns_config_service_win.cc(665)] Failed to read DnsConfig.
[0826/194243:WARNING:dns_config_service_win.cc(665)] Failed to read DnsConfig.
[0826/194247:WARNING:dns_config_service_win.cc(665)] Failed to read DnsConfig.
[0826/194247:WARNING:dns_config_service_win.cc(665)] Failed to read DnsConfig.
[0826/194247:WARNING:dns_config_service_win.cc(665)] Failed to read DnsConfig.
[0826/194247:WARNING:dns_config_service_win.cc(665)] Failed to read DnsConfig.
[0826/194248:WARNING:dns_config_service_win.cc(665)] Failed to read DnsConfig.
[0826/194252:WARNING:dns_config_service_win.cc(665)] Failed to read DnsConfig.
[0826/194252:WARNING:dns_config_service_win.cc(665)] Failed to read DnsConfig.
[0826/194252:WARNING:dns_config_service_win.cc(665)] Failed to read DnsConfig.
[0826/194253:WARNING:dns_config_service_win.cc(665)] Failed to read DnsConfig.
[0826/194253:WARNING:dns_config_service_win.cc(665)] Failed to read DnsConfig.
[0826/194257:WARNING:dns_config_service_win.cc(665)] Failed to read DnsConfig.
[0826/194258:WARNING:dns_config_service_win.cc(665)] Failed to read DnsConfig.
[0826/194258:WARNING:dns_config_service_win.cc(665)] Failed to read DnsConfig.
[0826/194300:WARNING:dhcp_proxy_script_fetcher_win.cc(345)] Unexpected error retrieving WPAD configuration from DHCP.
